This is pdfTeX, Version 3.14159265-2.6-1.40.16 (TeX Live 2015) (preloaded format=pdflatex 2015.5.24)  6 OCT 2018 18:04
entering extended mode
 restricted \write18 enabled.
 %&-line parsing enabled.
**\input ./Rd2.tex
(./Rd2.tex
(/usr/local/texlive/2015/texmf-dist/tex/latex/base/book.cls
Document Class: book 2014/09/29 v1.4h Standard LaTeX document class
(/usr/local/texlive/2015/texmf-dist/tex/latex/base/bk10.clo
File: bk10.clo 2014/09/29 v1.4h Standard LaTeX file (size option)
)
\c@part=\count79
\c@chapter=\count80
\c@section=\count81
\c@subsection=\count82
\c@subsubsection=\count83
\c@paragraph=\count84
\c@subparagraph=\count85
\c@figure=\count86
\c@table=\count87
\abovecaptionskip=\skip41
\belowcaptionskip=\skip42
\bibindent=\dimen102
)
(/Library/Frameworks/R.framework/Resources/share/texmf/tex/latex/Rd.sty
Package: Rd 

(/usr/local/texlive/2015/texmf-dist/tex/latex/base/ifthen.sty
Package: ifthen 2014/09/29 v1.1c Standard LaTeX ifthen package (DPC)
)
(/usr/local/texlive/2015/texmf-dist/tex/latex/tools/longtable.sty
Package: longtable 2014/10/28 v4.11 Multi-page Table package (DPC)
\LTleft=\skip43
\LTright=\skip44
\LTpre=\skip45
\LTpost=\skip46
\LTchunksize=\count88
\LTcapwidth=\dimen103
\LT@head=\box26
\LT@firsthead=\box27
\LT@foot=\box28
\LT@lastfoot=\box29
\LT@cols=\count89
\LT@rows=\count90
\c@LT@tables=\count91
\c@LT@chunks=\count92
\LT@p@ftn=\toks14
)
(/usr/local/texlive/2015/texmf-dist/tex/latex/tools/bm.sty
Package: bm 2014/10/28 v1.1c Bold Symbol Support (DPC/FMi)
\symboldoperators=\mathgroup4
\symboldletters=\mathgroup5
\symboldsymbols=\mathgroup6
LaTeX Font Info:    Redeclaring math alphabet \mathbf on input line 141.
LaTeX Info: Redefining \bm on input line 207.
)
(/usr/local/texlive/2015/texmf-dist/tex/latex/base/alltt.sty
Package: alltt 1997/06/16 v2.0g defines alltt environment
)
(/usr/local/texlive/2015/texmf-dist/tex/latex/tools/verbatim.sty
Package: verbatim 2014/10/28 v1.5q LaTeX2e package for verbatim enhancements
\every@verbatim=\toks15
\verbatim@line=\toks16
\verbatim@in@stream=\read1
)
(/usr/local/texlive/2015/texmf-dist/tex/latex/url/url.sty
\Urlmuskip=\muskip10
Package: url 2013/09/16  ver 3.4  Verb mode for urls, etc.
)
(/usr/local/texlive/2015/texmf-dist/tex/latex/base/textcomp.sty
Package: textcomp 2005/09/27 v1.99g Standard LaTeX package
Package textcomp Info: Sub-encoding information:
(textcomp)               5 = only ISO-Adobe without \textcurrency
(textcomp)               4 = 5 + \texteuro
(textcomp)               3 = 4 + \textohm
(textcomp)               2 = 3 + \textestimated + \textcurrency
(textcomp)               1 = TS1 - \textcircled - \t
(textcomp)               0 = TS1 (full)
(textcomp)             Font families with sub-encoding setting implement
(textcomp)             only a restricted character set as indicated.
(textcomp)             Family '?' is the default used for unknown fonts.
(textcomp)             See the documentation for details.
Package textcomp Info: Setting ? sub-encoding to TS1/1 on input line 79.

(/usr/local/texlive/2015/texmf-dist/tex/latex/base/ts1enc.def
File: ts1enc.def 2001/06/05 v3.0e (jk/car/fm) Standard LaTeX file
)
LaTeX Info: Redefining \oldstylenums on input line 334.
Package textcomp Info: Setting cmr sub-encoding to TS1/0 on input line 349.
Package textcomp Info: Setting cmss sub-encoding to TS1/0 on input line 350.
Package textcomp Info: Setting cmtt sub-encoding to TS1/0 on input line 351.
Package textcomp Info: Setting cmvtt sub-encoding to TS1/0 on input line 352.
Package textcomp Info: Setting cmbr sub-encoding to TS1/0 on input line 353.
Package textcomp Info: Setting cmtl sub-encoding to TS1/0 on input line 354.
Package textcomp Info: Setting ccr sub-encoding to TS1/0 on input line 355.
Package textcomp Info: Setting ptm sub-encoding to TS1/4 on input line 356.
Package textcomp Info: Setting pcr sub-encoding to TS1/4 on input line 357.
Package textcomp Info: Setting phv sub-encoding to TS1/4 on input line 358.
Package textcomp Info: Setting ppl sub-encoding to TS1/3 on input line 359.
Package textcomp Info: Setting pag sub-encoding to TS1/4 on input line 360.
Package textcomp Info: Setting pbk sub-encoding to TS1/4 on input line 361.
Package textcomp Info: Setting pnc sub-encoding to TS1/4 on input line 362.
Package textcomp Info: Setting pzc sub-encoding to TS1/4 on input line 363.
Package textcomp Info: Setting bch sub-encoding to TS1/4 on input line 364.
Package textcomp Info: Setting put sub-encoding to TS1/5 on input line 365.
Package textcomp Info: Setting uag sub-encoding to TS1/5 on input line 366.
Package textcomp Info: Setting ugq sub-encoding to TS1/5 on input line 367.
Package textcomp Info: Setting ul8 sub-encoding to TS1/4 on input line 368.
Package textcomp Info: Setting ul9 sub-encoding to TS1/4 on input line 369.
Package textcomp Info: Setting augie sub-encoding to TS1/5 on input line 370.
Package textcomp Info: Setting dayrom sub-encoding to TS1/3 on input line 371.
Package textcomp Info: Setting dayroms sub-encoding to TS1/3 on input line 372.

Package textcomp Info: Setting pxr sub-encoding to TS1/0 on input line 373.
Package textcomp Info: Setting pxss sub-encoding to TS1/0 on input line 374.
Package textcomp Info: Setting pxtt sub-encoding to TS1/0 on input line 375.
Package textcomp Info: Setting txr sub-encoding to TS1/0 on input line 376.
Package textcomp Info: Setting txss sub-encoding to TS1/0 on input line 377.
Package textcomp Info: Setting txtt sub-encoding to TS1/0 on input line 378.
Package textcomp Info: Setting lmr sub-encoding to TS1/0 on input line 379.
Package textcomp Info: Setting lmdh sub-encoding to TS1/0 on input line 380.
Package textcomp Info: Setting lmss sub-encoding to TS1/0 on input line 381.
Package textcomp Info: Setting lmssq sub-encoding to TS1/0 on input line 382.
Package textcomp Info: Setting lmvtt sub-encoding to TS1/0 on input line 383.
Package textcomp Info: Setting lmtt sub-encoding to TS1/0 on input line 384.
Package textcomp Info: Setting qhv sub-encoding to TS1/0 on input line 385.
Package textcomp Info: Setting qag sub-encoding to TS1/0 on input line 386.
Package textcomp Info: Setting qbk sub-encoding to TS1/0 on input line 387.
Package textcomp Info: Setting qcr sub-encoding to TS1/0 on input line 388.
Package textcomp Info: Setting qcs sub-encoding to TS1/0 on input line 389.
Package textcomp Info: Setting qpl sub-encoding to TS1/0 on input line 390.
Package textcomp Info: Setting qtm sub-encoding to TS1/0 on input line 391.
Package textcomp Info: Setting qzc sub-encoding to TS1/0 on input line 392.
Package textcomp Info: Setting qhvc sub-encoding to TS1/0 on input line 393.
Package textcomp Info: Setting futs sub-encoding to TS1/4 on input line 394.
Package textcomp Info: Setting futx sub-encoding to TS1/4 on input line 395.
Package textcomp Info: Setting futj sub-encoding to TS1/4 on input line 396.
Package textcomp Info: Setting hlh sub-encoding to TS1/3 on input line 397.
Package textcomp Info: Setting hls sub-encoding to TS1/3 on input line 398.
Package textcomp Info: Setting hlst sub-encoding to TS1/3 on input line 399.
Package textcomp Info: Setting hlct sub-encoding to TS1/5 on input line 400.
Package textcomp Info: Setting hlx sub-encoding to TS1/5 on input line 401.
Package textcomp Info: Setting hlce sub-encoding to TS1/5 on input line 402.
Package textcomp Info: Setting hlcn sub-encoding to TS1/5 on input line 403.
Package textcomp Info: Setting hlcw sub-encoding to TS1/5 on input line 404.
Package textcomp Info: Setting hlcf sub-encoding to TS1/5 on input line 405.
Package textcomp Info: Setting pplx sub-encoding to TS1/3 on input line 406.
Package textcomp Info: Setting pplj sub-encoding to TS1/3 on input line 407.
Package textcomp Info: Setting ptmx sub-encoding to TS1/4 on input line 408.
Package textcomp Info: Setting ptmj sub-encoding to TS1/4 on input line 409.
)
\ldescriptionwidth=\skip47

(/usr/local/texlive/2015/texmf-dist/tex/latex/base/fontenc.sty
Package: fontenc 2005/09/27 v1.99g Standard LaTeX package

(/usr/local/texlive/2015/texmf-dist/tex/latex/base/t1enc.def
File: t1enc.def 2005/09/27 v1.99g Standard LaTeX file
LaTeX Font Info:    Redeclaring font encoding T1 on input line 48.
))
(/usr/local/texlive/2015/texmf-dist/tex/latex/psnfss/times.sty
Package: times 2005/04/12 PSNFSS-v9.2a (SPQR) 
)
(/usr/local/texlive/2015/texmf-dist/tex/latex/inconsolata/zi4.sty
Package: zi4 2014/06/22 v1.05

`inconsolata-zi4' v1.05, 2014/06/22 Text macros for Inconsolata (msharpe)
(/usr/local/texlive/2015/texmf-dist/tex/latex/graphics/keyval.sty
Package: keyval 2014/10/28 v1.15 key=value parser (DPC)
\KV@toks@=\toks17
)
\zifour@ocount=\count93
)
(/usr/local/texlive/2015/texmf-dist/tex/latex/graphics/color.sty
Package: color 2014/10/28 v1.1a Standard LaTeX Color (DPC)

(/usr/local/texlive/2015/texmf-dist/tex/latex/latexconfig/color.cfg
File: color.cfg 2007/01/18 v1.5 color configuration of teTeX/TeXLive
)
Package color Info: Driver file: pdftex.def on input line 142.

(/usr/local/texlive/2015/texmf-dist/tex/latex/pdftex-def/pdftex.def
File: pdftex.def 2011/05/27 v0.06d Graphics/color for pdfTeX

(/usr/local/texlive/2015/texmf-dist/tex/generic/oberdiek/infwarerr.sty
Package: infwarerr 2010/04/08 v1.3 Providing info/warning/error messages (HO)
)
(/usr/local/texlive/2015/texmf-dist/tex/generic/oberdiek/ltxcmds.sty
Package: ltxcmds 2011/11/09 v1.22 LaTeX kernel commands for general use (HO)
)
\Gread@gobject=\count94
))
(/usr/local/texlive/2015/texmf-dist/tex/latex/hyperref/hyperref.sty
Package: hyperref 2012/11/06 v6.83m Hypertext links for LaTeX

(/usr/local/texlive/2015/texmf-dist/tex/generic/oberdiek/hobsub-hyperref.sty
Package: hobsub-hyperref 2012/05/28 v1.13 Bundle oberdiek, subset hyperref (HO)


(/usr/local/texlive/2015/texmf-dist/tex/generic/oberdiek/hobsub-generic.sty
Package: hobsub-generic 2012/05/28 v1.13 Bundle oberdiek, subset generic (HO)
Package: hobsub 2012/05/28 v1.13 Construct package bundles (HO)
Package hobsub Info: Skipping package `infwarerr' (already loaded).
Package hobsub Info: Skipping package `ltxcmds' (already loaded).
Package: ifluatex 2010/03/01 v1.3 Provides the ifluatex switch (HO)
Package ifluatex Info: LuaTeX not detected.
Package: ifvtex 2010/03/01 v1.5 Detect VTeX and its facilities (HO)
Package ifvtex Info: VTeX not detected.
Package: intcalc 2007/09/27 v1.1 Expandable calculations with integers (HO)
Package: ifpdf 2011/01/30 v2.3 Provides the ifpdf switch (HO)
Package ifpdf Info: pdfTeX in PDF mode is detected.
Package: etexcmds 2011/02/16 v1.5 Avoid name clashes with e-TeX commands (HO)
Package etexcmds Info: Could not find \expanded.
(etexcmds)             That can mean that you are not using pdfTeX 1.50 or
(etexcmds)             that some package has redefined \expanded.
(etexcmds)             In the latter case, load this package earlier.
Package: kvsetkeys 2012/04/25 v1.16 Key value parser (HO)
Package: kvdefinekeys 2011/04/07 v1.3 Define keys (HO)
Package: pdftexcmds 2011/11/29 v0.20 Utility functions of pdfTeX for LuaTeX (HO
)
Package pdftexcmds Info: LuaTeX not detected.
Package pdftexcmds Info: \pdf@primitive is available.
Package pdftexcmds Info: \pdf@ifprimitive is available.
Package pdftexcmds Info: \pdfdraftmode found.
Package: pdfescape 2011/11/25 v1.13 Implements pdfTeX's escape features (HO)
Package: bigintcalc 2012/04/08 v1.3 Expandable calculations on big integers (HO
)
Package: bitset 2011/01/30 v1.1 Handle bit-vector datatype (HO)
Package: uniquecounter 2011/01/30 v1.2 Provide unlimited unique counter (HO)
)
Package hobsub Info: Skipping package `hobsub' (already loaded).
Package: letltxmacro 2010/09/02 v1.4 Let assignment for LaTeX macros (HO)
Package: hopatch 2012/05/28 v1.2 Wrapper for package hooks (HO)
Package: xcolor-patch 2011/01/30 xcolor patch
Package: atveryend 2011/06/30 v1.8 Hooks at the very end of document (HO)
Package atveryend Info: \enddocument detected (standard20110627).
Package: atbegshi 2011/10/05 v1.16 At begin shipout hook (HO)
Package: refcount 2011/10/16 v3.4 Data extraction from label references (HO)
Package: hycolor 2011/01/30 v1.7 Color options for hyperref/bookmark (HO)
)
(/usr/local/texlive/2015/texmf-dist/tex/generic/ifxetex/ifxetex.sty
Package: ifxetex 2010/09/12 v0.6 Provides ifxetex conditional
)
(/usr/local/texlive/2015/texmf-dist/tex/latex/oberdiek/auxhook.sty
Package: auxhook 2011/03/04 v1.3 Hooks for auxiliary files (HO)
)
(/usr/local/texlive/2015/texmf-dist/tex/latex/oberdiek/kvoptions.sty
Package: kvoptions 2011/06/30 v3.11 Key value format for package options (HO)
)
\@linkdim=\dimen104
\Hy@linkcounter=\count95
\Hy@pagecounter=\count96

(/usr/local/texlive/2015/texmf-dist/tex/latex/hyperref/pd1enc.def
File: pd1enc.def 2012/11/06 v6.83m Hyperref: PDFDocEncoding definition (HO)
)
\Hy@SavedSpaceFactor=\count97

(/usr/local/texlive/2015/texmf-dist/tex/latex/latexconfig/hyperref.cfg
File: hyperref.cfg 2002/06/06 v1.2 hyperref configuration of TeXLive
)
Package hyperref Info: Hyper figures OFF on input line 4443.
Package hyperref Info: Link nesting OFF on input line 4448.
Package hyperref Info: Hyper index ON on input line 4451.
Package hyperref Info: Plain pages OFF on input line 4458.
Package hyperref Info: Backreferencing OFF on input line 4463.
Package hyperref Info: Implicit mode ON; LaTeX internals redefined.
Package hyperref Info: Bookmarks ON on input line 4688.
\c@Hy@tempcnt=\count98
LaTeX Info: Redefining \url on input line 5041.
\XeTeXLinkMargin=\dimen105
\Fld@menulength=\count99
\Field@Width=\dimen106
\Fld@charsize=\dimen107
Package hyperref Info: Hyper figures OFF on input line 6295.
Package hyperref Info: Link nesting OFF on input line 6300.
Package hyperref Info: Hyper index ON on input line 6303.
Package hyperref Info: backreferencing OFF on input line 6310.
Package hyperref Info: Link coloring OFF on input line 6315.
Package hyperref Info: Link coloring with OCG OFF on input line 6320.
Package hyperref Info: PDF/A mode OFF on input line 6325.
LaTeX Info: Redefining \ref on input line 6365.
LaTeX Info: Redefining \pageref on input line 6369.
\Hy@abspage=\count100
\c@Item=\count101
\c@Hfootnote=\count102
)

Package hyperref Message: Driver (autodetected): hpdftex.

(/usr/local/texlive/2015/texmf-dist/tex/latex/hyperref/hpdftex.def
File: hpdftex.def 2012/11/06 v6.83m Hyperref driver for pdfTeX
\Fld@listcount=\count103
\c@bookmark@seq@number=\count104

(/usr/local/texlive/2015/texmf-dist/tex/latex/oberdiek/rerunfilecheck.sty
Package: rerunfilecheck 2011/04/15 v1.7 Rerun checks for auxiliary files (HO)
Package uniquecounter Info: New unique counter `rerunfilecheck' on input line 2
82.
)
\Hy@SectionHShift=\skip48
)

Package hyperref Warning: Option `hyperindex' has already been used,
(hyperref)                setting the option has no effect on input line 366.

Package hyperref Info: Option `colorlinks' set `true' on input line 366.

Package hyperref Warning: Option `pagebackref' has already been used,
(hyperref)                setting the option has no effect on input line 366.

Package hyperref Info: Option `linktocpage' set `true' on input line 366.
Package hyperref Info: Option `plainpages' set `false' on input line 366.
) (/usr/local/texlive/2015/texmf-dist/tex/latex/base/makeidx.sty
Package: makeidx 2014/09/29 v1.0m Standard LaTeX package
)
(/usr/local/texlive/2015/texmf-dist/tex/latex/base/inputenc.sty
Package: inputenc 2015/03/17 v1.2c Input encoding file
\inpenc@prehook=\toks18
\inpenc@posthook=\toks19

(/usr/local/texlive/2015/texmf-dist/tex/latex/base/utf8.def
File: utf8.def 2014/09/29 v1.1m UTF-8 support for inputenc
Now handling font encoding OML ...
... no UTF-8 mapping file for font encoding OML
Now handling font encoding T1 ...
... processing UTF-8 mapping file for font encoding T1

(/usr/local/texlive/2015/texmf-dist/tex/latex/base/t1enc.dfu
File: t1enc.dfu 2014/09/29 v1.1m UTF-8 support for inputenc
   defining Unicode char U+00A1 (decimal 161)
   defining Unicode char U+00A3 (decimal 163)
   defining Unicode char U+00AB (decimal 171)
   defining Unicode char U+00BB (decimal 187)
   defining Unicode char U+00BF (decimal 191)
   defining Unicode char U+00C0 (decimal 192)
   defining Unicode char U+00C1 (decimal 193)
   defining Unicode char U+00C2 (decimal 194)
   defining Unicode char U+00C3 (decimal 195)
   defining Unicode char U+00C4 (decimal 196)
   defining Unicode char U+00C5 (decimal 197)
   defining Unicode char U+00C6 (decimal 198)
   defining Unicode char U+00C7 (decimal 199)
   defining Unicode char U+00C8 (decimal 200)
   defining Unicode char U+00C9 (decimal 201)
   defining Unicode char U+00CA (decimal 202)
   defining Unicode char U+00CB (decimal 203)
   defining Unicode char U+00CC (decimal 204)
   defining Unicode char U+00CD (decimal 205)
   defining Unicode char U+00CE (decimal 206)
   defining Unicode char U+00CF (decimal 207)
   defining Unicode char U+00D0 (decimal 208)
   defining Unicode char U+00D1 (decimal 209)
   defining Unicode char U+00D2 (decimal 210)
   defining Unicode char U+00D3 (decimal 211)
   defining Unicode char U+00D4 (decimal 212)
   defining Unicode char U+00D5 (decimal 213)
   defining Unicode char U+00D6 (decimal 214)
   defining Unicode char U+00D8 (decimal 216)
   defining Unicode char U+00D9 (decimal 217)
   defining Unicode char U+00DA (decimal 218)
   defining Unicode char U+00DB (decimal 219)
   defining Unicode char U+00DC (decimal 220)
   defining Unicode char U+00DD (decimal 221)
   defining Unicode char U+00DE (decimal 222)
   defining Unicode char U+00DF (decimal 223)
   defining Unicode char U+00E0 (decimal 224)
   defining Unicode char U+00E1 (decimal 225)
   defining Unicode char U+00E2 (decimal 226)
   defining Unicode char U+00E3 (decimal 227)
   defining Unicode char U+00E4 (decimal 228)
   defining Unicode char U+00E5 (decimal 229)
   defining Unicode char U+00E6 (decimal 230)
   defining Unicode char U+00E7 (decimal 231)
   defining Unicode char U+00E8 (decimal 232)
   defining Unicode char U+00E9 (decimal 233)
   defining Unicode char U+00EA (decimal 234)
   defining Unicode char U+00EB (decimal 235)
   defining Unicode char U+00EC (decimal 236)
   defining Unicode char U+00ED (decimal 237)
   defining Unicode char U+00EE (decimal 238)
   defining Unicode char U+00EF (decimal 239)
   defining Unicode char U+00F0 (decimal 240)
   defining Unicode char U+00F1 (decimal 241)
   defining Unicode char U+00F2 (decimal 242)
   defining Unicode char U+00F3 (decimal 243)
   defining Unicode char U+00F4 (decimal 244)
   defining Unicode char U+00F5 (decimal 245)
   defining Unicode char U+00F6 (decimal 246)
   defining Unicode char U+00F8 (decimal 248)
   defining Unicode char U+00F9 (decimal 249)
   defining Unicode char U+00FA (decimal 250)
   defining Unicode char U+00FB (decimal 251)
   defining Unicode char U+00FC (decimal 252)
   defining Unicode char U+00FD (decimal 253)
   defining Unicode char U+00FE (decimal 254)
   defining Unicode char U+00FF (decimal 255)
   defining Unicode char U+0102 (decimal 258)
   defining Unicode char U+0103 (decimal 259)
   defining Unicode char U+0104 (decimal 260)
   defining Unicode char U+0105 (decimal 261)
   defining Unicode char U+0106 (decimal 262)
   defining Unicode char U+0107 (decimal 263)
   defining Unicode char U+010C (decimal 268)
   defining Unicode char U+010D (decimal 269)
   defining Unicode char U+010E (decimal 270)
   defining Unicode char U+010F (decimal 271)
   defining Unicode char U+0110 (decimal 272)
   defining Unicode char U+0111 (decimal 273)
   defining Unicode char U+0118 (decimal 280)
   defining Unicode char U+0119 (decimal 281)
   defining Unicode char U+011A (decimal 282)
   defining Unicode char U+011B (decimal 283)
   defining Unicode char U+011E (decimal 286)
   defining Unicode char U+011F (decimal 287)
   defining Unicode char U+0130 (decimal 304)
   defining Unicode char U+0131 (decimal 305)
   defining Unicode char U+0132 (decimal 306)
   defining Unicode char U+0133 (decimal 307)
   defining Unicode char U+0139 (decimal 313)
   defining Unicode char U+013A (decimal 314)
   defining Unicode char U+013D (decimal 317)
   defining Unicode char U+013E (decimal 318)
   defining Unicode char U+0141 (decimal 321)
   defining Unicode char U+0142 (decimal 322)
   defining Unicode char U+0143 (decimal 323)
   defining Unicode char U+0144 (decimal 324)
   defining Unicode char U+0147 (decimal 327)
   defining Unicode char U+0148 (decimal 328)
   defining Unicode char U+014A (decimal 330)
   defining Unicode char U+014B (decimal 331)
   defining Unicode char U+0150 (decimal 336)
   defining Unicode char U+0151 (decimal 337)
   defining Unicode char U+0152 (decimal 338)
   defining Unicode char U+0153 (decimal 339)
   defining Unicode char U+0154 (decimal 340)
   defining Unicode char U+0155 (decimal 341)
   defining Unicode char U+0158 (decimal 344)
   defining Unicode char U+0159 (decimal 345)
   defining Unicode char U+015A (decimal 346)
   defining Unicode char U+015B (decimal 347)
   defining Unicode char U+015E (decimal 350)
   defining Unicode char U+015F (decimal 351)
   defining Unicode char U+0160 (decimal 352)
   defining Unicode char U+0161 (decimal 353)
   defining Unicode char U+0162 (decimal 354)
   defining Unicode char U+0163 (decimal 355)
   defining Unicode char U+0164 (decimal 356)
   defining Unicode char U+0165 (decimal 357)
   defining Unicode char U+016E (decimal 366)
   defining Unicode char U+016F (decimal 367)
   defining Unicode char U+0170 (decimal 368)
   defining Unicode char U+0171 (decimal 369)
   defining Unicode char U+0178 (decimal 376)
   defining Unicode char U+0179 (decimal 377)
   defining Unicode char U+017A (decimal 378)
   defining Unicode char U+017B (decimal 379)
   defining Unicode char U+017C (decimal 380)
   defining Unicode char U+017D (decimal 381)
   defining Unicode char U+017E (decimal 382)
   defining Unicode char U+200C (decimal 8204)
   defining Unicode char U+2013 (decimal 8211)
   defining Unicode char U+2014 (decimal 8212)
   defining Unicode char U+2018 (decimal 8216)
   defining Unicode char U+2019 (decimal 8217)
   defining Unicode char U+201A (decimal 8218)
   defining Unicode char U+201C (decimal 8220)
   defining Unicode char U+201D (decimal 8221)
   defining Unicode char U+201E (decimal 8222)
   defining Unicode char U+2030 (decimal 8240)
   defining Unicode char U+2031 (decimal 8241)
   defining Unicode char U+2039 (decimal 8249)
   defining Unicode char U+203A (decimal 8250)
   defining Unicode char U+2423 (decimal 9251)
)
Now handling font encoding OT1 ...
... processing UTF-8 mapping file for font encoding OT1

(/usr/local/texlive/2015/texmf-dist/tex/latex/base/ot1enc.dfu
File: ot1enc.dfu 2014/09/29 v1.1m UTF-8 support for inputenc
   defining Unicode char U+00A1 (decimal 161)
   defining Unicode char U+00A3 (decimal 163)
   defining Unicode char U+00B8 (decimal 184)
   defining Unicode char U+00BF (decimal 191)
   defining Unicode char U+00C5 (decimal 197)
   defining Unicode char U+00C6 (decimal 198)
   defining Unicode char U+00D8 (decimal 216)
   defining Unicode char U+00DF (decimal 223)
   defining Unicode char U+00E6 (decimal 230)
   defining Unicode char U+00EC (decimal 236)
   defining Unicode char U+00ED (decimal 237)
   defining Unicode char U+00EE (decimal 238)
   defining Unicode char U+00EF (decimal 239)
   defining Unicode char U+00F8 (decimal 248)
   defining Unicode char U+0131 (decimal 305)
   defining Unicode char U+0141 (decimal 321)
   defining Unicode char U+0142 (decimal 322)
   defining Unicode char U+0152 (decimal 338)
   defining Unicode char U+0153 (decimal 339)
   defining Unicode char U+2013 (decimal 8211)
   defining Unicode char U+2014 (decimal 8212)
   defining Unicode char U+2018 (decimal 8216)
   defining Unicode char U+2019 (decimal 8217)
   defining Unicode char U+201C (decimal 8220)
   defining Unicode char U+201D (decimal 8221)
)
Now handling font encoding OMS ...
... processing UTF-8 mapping file for font encoding OMS

(/usr/local/texlive/2015/texmf-dist/tex/latex/base/omsenc.dfu
File: omsenc.dfu 2014/09/29 v1.1m UTF-8 support for inputenc
   defining Unicode char U+00A7 (decimal 167)
   defining Unicode char U+00B6 (decimal 182)
   defining Unicode char U+00B7 (decimal 183)
   defining Unicode char U+2020 (decimal 8224)
   defining Unicode char U+2021 (decimal 8225)
   defining Unicode char U+2022 (decimal 8226)
)
Now handling font encoding OMX ...
... no UTF-8 mapping file for font encoding OMX
Now handling font encoding U ...
... no UTF-8 mapping file for font encoding U
Now handling font encoding TS1 ...
... processing UTF-8 mapping file for font encoding TS1

(/usr/local/texlive/2015/texmf-dist/tex/latex/base/ts1enc.dfu
File: ts1enc.dfu 2014/09/29 v1.1m UTF-8 support for inputenc
   defining Unicode char U+00A2 (decimal 162)
   defining Unicode char U+00A3 (decimal 163)
   defining Unicode char U+00A4 (decimal 164)
   defining Unicode char U+00A5 (decimal 165)
   defining Unicode char U+00A6 (decimal 166)
   defining Unicode char U+00A7 (decimal 167)
   defining Unicode char U+00A8 (decimal 168)
   defining Unicode char U+00A9 (decimal 169)
   defining Unicode char U+00AA (decimal 170)
   defining Unicode char U+00AC (decimal 172)
   defining Unicode char U+00AE (decimal 174)
   defining Unicode char U+00AF (decimal 175)
   defining Unicode char U+00B0 (decimal 176)
   defining Unicode char U+00B1 (decimal 177)
   defining Unicode char U+00B2 (decimal 178)
   defining Unicode char U+00B3 (decimal 179)
   defining Unicode char U+00B4 (decimal 180)
   defining Unicode char U+00B5 (decimal 181)
   defining Unicode char U+00B6 (decimal 182)
   defining Unicode char U+00B7 (decimal 183)
   defining Unicode char U+00B9 (decimal 185)
   defining Unicode char U+00BA (decimal 186)
   defining Unicode char U+00BC (decimal 188)
   defining Unicode char U+00BD (decimal 189)
   defining Unicode char U+00BE (decimal 190)
   defining Unicode char U+00D7 (decimal 215)
   defining Unicode char U+00F7 (decimal 247)
   defining Unicode char U+0192 (decimal 402)
   defining Unicode char U+02C7 (decimal 711)
   defining Unicode char U+02D8 (decimal 728)
   defining Unicode char U+02DD (decimal 733)
   defining Unicode char U+0E3F (decimal 3647)
   defining Unicode char U+2016 (decimal 8214)
   defining Unicode char U+2020 (decimal 8224)
   defining Unicode char U+2021 (decimal 8225)
   defining Unicode char U+2022 (decimal 8226)
   defining Unicode char U+2030 (decimal 8240)
   defining Unicode char U+2031 (decimal 8241)
   defining Unicode char U+203B (decimal 8251)
   defining Unicode char U+203D (decimal 8253)
   defining Unicode char U+2044 (decimal 8260)
   defining Unicode char U+204E (decimal 8270)
   defining Unicode char U+2052 (decimal 8274)
   defining Unicode char U+20A1 (decimal 8353)
   defining Unicode char U+20A4 (decimal 8356)
   defining Unicode char U+20A6 (decimal 8358)
   defining Unicode char U+20A9 (decimal 8361)
   defining Unicode char U+20AB (decimal 8363)
   defining Unicode char U+20AC (decimal 8364)
   defining Unicode char U+20B1 (decimal 8369)
   defining Unicode char U+2103 (decimal 8451)
   defining Unicode char U+2116 (decimal 8470)
   defining Unicode char U+2117 (decimal 8471)
   defining Unicode char U+211E (decimal 8478)
   defining Unicode char U+2120 (decimal 8480)
   defining Unicode char U+2122 (decimal 8482)
   defining Unicode char U+2126 (decimal 8486)
   defining Unicode char U+2127 (decimal 8487)
   defining Unicode char U+212E (decimal 8494)
   defining Unicode char U+2190 (decimal 8592)
   defining Unicode char U+2191 (decimal 8593)
   defining Unicode char U+2192 (decimal 8594)
   defining Unicode char U+2193 (decimal 8595)
   defining Unicode char U+2329 (decimal 9001)
   defining Unicode char U+232A (decimal 9002)
   defining Unicode char U+2422 (decimal 9250)
   defining Unicode char U+25E6 (decimal 9702)
   defining Unicode char U+25EF (decimal 9711)
   defining Unicode char U+266A (decimal 9834)
)
Now handling font encoding PD1 ...
... no UTF-8 mapping file for font encoding PD1
   defining Unicode char U+00A9 (decimal 169)
   defining Unicode char U+00AA (decimal 170)
   defining Unicode char U+00AE (decimal 174)
   defining Unicode char U+00BA (decimal 186)
   defining Unicode char U+02C6 (decimal 710)
   defining Unicode char U+02DC (decimal 732)
   defining Unicode char U+200C (decimal 8204)
   defining Unicode char U+2026 (decimal 8230)
   defining Unicode char U+2122 (decimal 8482)
   defining Unicode char U+2423 (decimal 9251)
))
\@indexfile=\write3
\openout3 = `Rd2.idx'.


Writing index file Rd2.idx
(./Rd2.aux)
\openout1 = `Rd2.aux'.

LaTeX Font Info:    Checking defaults for OML/cmm/m/it on input line 8.
LaTeX Font Info:    ... okay on input line 8.
LaTeX Font Info:    Checking defaults for T1/cmr/m/n on input line 8.
LaTeX Font Info:    ... okay on input line 8.
LaTeX Font Info:    Checking defaults for OT1/cmr/m/n on input line 8.
LaTeX Font Info:    ... okay on input line 8.
LaTeX Font Info:    Checking defaults for OMS/cmsy/m/n on input line 8.
LaTeX Font Info:    ... okay on input line 8.
LaTeX Font Info:    Checking defaults for OMX/cmex/m/n on input line 8.
LaTeX Font Info:    ... okay on input line 8.
LaTeX Font Info:    Checking defaults for U/cmr/m/n on input line 8.
LaTeX Font Info:    ... okay on input line 8.
LaTeX Font Info:    Checking defaults for TS1/cmr/m/n on input line 8.
LaTeX Font Info:    Try loading font information for TS1+cmr on input line 8.
 (/usr/local/texlive/2015/texmf-dist/tex/latex/base/ts1cmr.fd
File: ts1cmr.fd 2014/09/29 v2.5h Standard LaTeX font definitions
)
LaTeX Font Info:    ... okay on input line 8.
LaTeX Font Info:    Checking defaults for PD1/pdf/m/n on input line 8.
LaTeX Font Info:    ... okay on input line 8.
LaTeX Font Info:    Try loading font information for T1+ptm on input line 8.

(/usr/local/texlive/2015/texmf-dist/tex/latex/psnfss/t1ptm.fd
File: t1ptm.fd 2001/06/04 font definitions for T1/ptm.
)
(/usr/local/texlive/2015/texmf-dist/tex/context/base/supp-pdf.mkii
[Loading MPS to PDF converter (version 2006.09.02).]
\scratchcounter=\count105
\scratchdimen=\dimen108
\scratchbox=\box30
\nofMPsegments=\count106
\nofMParguments=\count107
\everyMPshowfont=\toks20
\MPscratchCnt=\count108
\MPscratchDim=\dimen109
\MPnumerator=\count109
\makeMPintoPDFobject=\count110
\everyMPtoPDFconversion=\toks21
)
\AtBeginShipoutBox=\box31
Package hyperref Info: Link coloring ON on input line 8.
 (/usr/local/texlive/2015/texmf-dist/tex/latex/hyperref/nameref.sty
Package: nameref 2012/10/27 v2.43 Cross-referencing by name of section

(/usr/local/texlive/2015/texmf-dist/tex/generic/oberdiek/gettitlestring.sty
Package: gettitlestring 2010/12/03 v1.4 Cleanup title references (HO)
)
\c@section@level=\count111
)
LaTeX Info: Redefining \ref on input line 8.
LaTeX Info: Redefining \pageref on input line 8.
LaTeX Info: Redefining \nameref on input line 8.

(./Rd2.out) (./Rd2.out)
\@outlinefile=\write4
\openout4 = `Rd2.out'.

LaTeX Font Info:    Font shape `T1/ptm/bx/n' in size <24.88> not available
(Font)              Font shape `T1/ptm/b/n' tried instead on input line 9.
LaTeX Font Info:    Font shape `T1/ptm/bx/n' in size <10> not available
(Font)              Font shape `T1/ptm/b/n' tried instead on input line 11.
LaTeX Font Info:    Font shape `T1/ptm/bx/n' in size <20.74> not available
(Font)              Font shape `T1/ptm/b/n' tried instead on input line 11.

(/usr/local/texlive/2015/texmf-dist/tex/latex/base/utf8.def
File: utf8.def 2014/09/29 v1.1m UTF-8 support for inputenc
)
LaTeX Font Info:    Try loading font information for TS1+ptm on input line 18.

(/usr/local/texlive/2015/texmf-dist/tex/latex/psnfss/ts1ptm.fd
File: ts1ptm.fd 2001/06/04 font definitions for TS1/ptm.
)
LaTeX Font Info:    Try loading font information for T1+zi4 on input line 24.

(/usr/local/texlive/2015/texmf-dist/tex/latex/inconsolata/t1zi4.fd
File: t1zi4.fd 2014/06/22 T1/zi4 (Inconsolata)
)
LaTeX Font Info:    External font `cmex10' loaded for size
(Font)              <7> on input line 29.
LaTeX Font Info:    External font `cmex10' loaded for size
(Font)              <5> on input line 29.
LaTeX Font Info:    Font shape `T1/ptm/bx/n' in size <14.4> not available
(Font)              Font shape `T1/ptm/b/n' tried instead on input line 54.
LaTeX Font Info:    Try loading font information for T1+phv on input line 54.

(/usr/local/texlive/2015/texmf-dist/tex/latex/psnfss/t1phv.fd
File: t1phv.fd 2001/06/04 scalable font definitions for T1/phv.
) (./Rd2.toc
[1


{/usr/local/texlive/2015/texmf-var/fonts/map/pdftex/updmap/pdftex.map}]
[2] [3])
\tf@toc=\write5
\openout5 = `Rd2.toc'.

 (/usr/local/texlive/2015/texmf-dist/tex/latex/base/utf8.def
File: utf8.def 2014/09/29 v1.1m UTF-8 support for inputenc
)
Overfull \hbox (180.55025pt too wide) in paragraph at lines 60--63
\T1/ptm/m/n/10 Care Bill" [][]$\T1/zi4/m/n/10 https : / / fivethirtyeight . com
 / features / why-[]the-[]gop-[]is-[]so-[]hell-[]bent-[]on-[]passing-[]an-[]unp
opular-[]health-[]care-[]bill$[][]\T1/ptm/m/n/10 . 
 []

(/usr/local/texlive/2015/texmf-dist/tex/latex/base/utf8.def
File: utf8.def 2014/09/29 v1.1m UTF-8 support for inputenc
)
Overfull \hbox (203.84042pt too wide) in paragraph at lines 104--107
\T1/ptm/m/n/10 the Past?" [][]$\T1/zi4/m/n/10 https : / / fivethirtyeight . com
 / features / should-[]travelers-[]avoid-[]flying-[]airlines-[]that-[]have-[]ha
d-[]crashes-[]in-[]the-[]past/$[][]\T1/ptm/m/n/10 . 
 []

[4] (/usr/local/texlive/2015/texmf-dist/tex/latex/base/utf8.def
File: utf8.def 2014/09/29 v1.1m UTF-8 support for inputenc
)
Overfull \hbox (143.26059pt too wide) in paragraph at lines 155--158
\T1/ptm/m/n/10 ment" [][]$\T1/zi4/m/n/10 https : / / fivethirtyeight . com / fe
atures / trump-[]might-[]be-[]the-[]first-[]president-[]to-[]scrap-[]a-[]nation
al-[]monument/$[][]\T1/ptm/m/n/10 . 
 []

[5]
Overfull \hbox (45.23032pt too wide) in paragraph at lines 184--185
\T1/ptm/m/n/10 Arche-ol-ogy Pro-gram [][]$\T1/zi4/m/n/10 https : / / www . nps 
. gov / history / archeology / sites / antiquities / MonumentsList .
 []

(/usr/local/texlive/2015/texmf-dist/tex/latex/base/utf8.def
File: utf8.def 2014/09/29 v1.1m UTF-8 support for inputenc
)
Overfull \hbox (15.77046pt too wide) in paragraph at lines 191--194
\T1/ptm/m/n/10 Build-ing" [][]$\T1/zi4/m/n/10 https : / / fivethirtyeight . com
 / features / avengers-[]death-[]comics-[]age-[]of-[]ultron/$[][]\T1/ptm/m/n/10
 . 
 []

[6] (/usr/local/texlive/2015/texmf-dist/tex/latex/base/utf8.def
File: utf8.def 2014/09/29 v1.1m UTF-8 support for inputenc
)
Overfull \hbox (261.00873pt too wide) in paragraph at lines 239--244
\T1/ptm/m/n/10 Fit-ting Neatly Into 'Bach-e-lorette' His-tory" [][]$\T1/zi4/m/n
/10 https : / / fivethirtyeight . com / features / rachels-[]season-[]is-[]fitt
ing-[]neatly-[]into-[]bachelorette-[]history/$[][]\T1/ptm/m/n/10 ,
 []

[7] [8]
Overfull \hbox (1.20978pt too wide) in paragraph at lines 297--299
[][][]$\T1/zi4/m/n/10 http : / / bachelor-[]nation . wikia . com / wiki / Bache
lor _ Nation _ Wikia$[][] \T1/ptm/m/n/10 and then miss-ing sea-sons
 []

(/usr/local/texlive/2015/texmf-dist/tex/latex/base/utf8.def
File: utf8.def 2014/09/29 v1.1m UTF-8 support for inputenc
)
(/usr/local/texlive/2015/texmf-dist/tex/latex/base/utf8.def
File: utf8.def 2014/09/29 v1.1m UTF-8 support for inputenc
)
Overfull \hbox (153.6207pt too wide) in paragraph at lines 342--345
\T1/ptm/m/n/10 Women" [][]$\T1/zi4/m/n/10 https : / / fivethirtyeight . com / f
eatures / the-[]dollar-[]and-[]cents-[]case-[]against-[]hollywoods-[]exclusion-
[]of-[]women/$[][]\T1/ptm/m/n/10 . 
 []

[9] (/usr/local/texlive/2015/texmf-dist/tex/latex/base/utf8.def
File: utf8.def 2014/09/29 v1.1m UTF-8 support for inputenc
)
Overfull \hbox (148.81067pt too wide) in paragraph at lines 389--394
\T1/ptm/m/n/10 Dudes" [][]$\T1/zi4/m/n/10 https : / / fivethirtyeight . com / f
eatures / straight-[]outta-[]compton-[]is-[]the-[]rare-[]biopic-[]not-[]about-[
]white-[]dudes/$[][]\T1/ptm/m/n/10 .
 []

[10] (/usr/local/texlive/2015/texmf-dist/tex/latex/base/utf8.def
File: utf8.def 2014/09/29 v1.1m UTF-8 support for inputenc
)
Overfull \hbox (36.56743pt too wide) in paragraph at lines 432--437
[]\T1/ptm/m/n/10 The raw data be-hind the story "A Sta-tis-ti-cal Anal-y-sis of
 the Work of Bob Ross" [][]$\T1/zi4/m/n/10 https : / / fivethirtyeight .
 []


Overfull \hbox (0.43983pt too wide) in paragraph at lines 432--437
\T1/zi4/m/n/10 com / features / a-[]statistical-[]analysis-[]of-[]the-[]work-[]
of-[]bob-[]ross/$[][]\T1/ptm/m/n/10 . An anal-y-sis us-ing this
 []

[11] [12] [13] (/usr/local/texlive/2015/texmf-dist/tex/latex/base/utf8.def
File: utf8.def 2014/09/29 v1.1m UTF-8 support for inputenc
)
Overfull \hbox (36.14838pt too wide) in paragraph at lines 544--546
[]\T1/ptm/m/n/10 The raw data be-hind the story "The Ul-ti-mate Hal-loween Cand
y Power Rank-ing" [][]$\T1/zi4/m/n/10 http : / / fivethirtyeight .
 []

[14]
Overfull \hbox (38.58093pt too wide) in paragraph at lines 585--585
 []  \T1/zi4/m/n/9 gather(characteristics, present, -c(competitorname, sugarper
cent, pricepercent, winpercent)) %>%[] 
 []

(/usr/local/texlive/2015/texmf-dist/tex/latex/base/utf8.def
File: utf8.def 2014/09/29 v1.1m UTF-8 support for inputenc
)
(/usr/local/texlive/2015/texmf-dist/tex/latex/base/utf8.def
File: utf8.def 2014/09/29 v1.1m UTF-8 support for inputenc
)
Overfull \hbox (30.11864pt too wide) in paragraph at lines 634--637
[]\T1/ptm/m/n/10 The raw data be-hind the story "Who Will Run For Pres-i-dent: 
Rom-ney Is Out" [][]$\T1/zi4/m/n/10 https : / / fivethirtyeight .
 []

[15] (/usr/local/texlive/2015/texmf-dist/tex/latex/base/utf8.def
File: utf8.def 2014/09/29 v1.1m UTF-8 support for inputenc
) [16]
(/usr/local/texlive/2015/texmf-dist/tex/latex/base/utf8.def
File: utf8.def 2014/09/29 v1.1m UTF-8 support for inputenc
)
Overfull \hbox (30.11864pt too wide) in paragraph at lines 709--712
[]\T1/ptm/m/n/10 The raw data be-hind the story "Who Will Run For Pres-i-dent: 
Rom-ney Is Out" [][]$\T1/zi4/m/n/10 https : / / fivethirtyeight .
 []

(/usr/local/texlive/2015/texmf-dist/tex/latex/base/utf8.def
File: utf8.def 2014/09/29 v1.1m UTF-8 support for inputenc
) [17]
(/usr/local/texlive/2015/texmf-dist/tex/latex/base/utf8.def
File: utf8.def 2014/09/29 v1.1m UTF-8 support for inputenc
)
Overfull \hbox (25.20857pt too wide) in paragraph at lines 776--779
[]\T1/ptm/m/n/10 The raw data be-hind the story "Why Clas-sic Rock Isn't What I
t Used To Be" [][]$\T1/zi4/m/n/10 https : / / fivethirtyeight .
 []

[18] (/usr/local/texlive/2015/texmf-dist/tex/latex/base/utf8.def
File: utf8.def 2014/09/29 v1.1m UTF-8 support for inputenc
)
Overfull \hbox (25.20857pt too wide) in paragraph at lines 814--817
[]\T1/ptm/m/n/10 The raw data be-hind the story "Why Clas-sic Rock Isn't What I
t Used To Be" [][]$\T1/zi4/m/n/10 https : / / fivethirtyeight .
 []

(/usr/local/texlive/2015/texmf-dist/tex/latex/base/utf8.def
File: utf8.def 2014/09/29 v1.1m UTF-8 support for inputenc
) [19]
Overfull \hbox (4.12073pt too wide) in paragraph at lines 883--884
[]\T1/ptm/m/n/10 See [][]$\T1/zi4/m/n/10 https : / / github . com / fivethirtye
ight / data / blob / master / college-[]majors / readme . md$[][]\T1/ptm/m/n/10
 . 
 []

(/usr/local/texlive/2015/texmf-dist/tex/latex/base/utf8.def
File: utf8.def 2014/09/29 v1.1m UTF-8 support for inputenc
) [20]
Overfull \hbox (4.12073pt too wide) in paragraph at lines 936--937
[]\T1/ptm/m/n/10 See [][]$\T1/zi4/m/n/10 https : / / github . com / fivethirtye
ight / data / blob / master / college-[]majors / readme . md$[][]\T1/ptm/m/n/10
 . 
 []

(/usr/local/texlive/2015/texmf-dist/tex/latex/base/utf8.def
File: utf8.def 2014/09/29 v1.1m UTF-8 support for inputenc
) [21]
Overfull \hbox (4.12073pt too wide) in paragraph at lines 988--990
[]\T1/ptm/m/n/10 See [][]$\T1/zi4/m/n/10 https : / / github . com / fivethirtye
ight / data / blob / master / college-[]majors / readme . md$[][]\T1/ptm/m/n/10
 .
 []

(/usr/local/texlive/2015/texmf-dist/tex/latex/base/utf8.def
File: utf8.def 2014/09/29 v1.1m UTF-8 support for inputenc
) [22]
(/usr/local/texlive/2015/texmf-dist/tex/latex/base/utf8.def
File: utf8.def 2014/09/29 v1.1m UTF-8 support for inputenc
)
Overfull \hbox (208.49045pt too wide) in paragraph at lines 1049--1052
\T1/ptm/m/n/10 ford Comma" [][]$\T1/zi4/m/n/10 https : / / fivethirtyeight . co
m / features / elitist-[]superfluous-[]or-[]popular-[]we-[]polled-[]americans-[
]on-[]the-[]oxford-[]comma/$[][]\T1/ptm/m/n/10 . 
 []

[23] (/usr/local/texlive/2015/texmf-dist/tex/latex/base/utf8.def
File: utf8.def 2014/09/29 v1.1m UTF-8 support for inputenc
)
Overfull \hbox (10.78088pt too wide) in paragraph at lines 1089--1092
\T1/zi4/m/n/10 fivethirtyeight . com / features / both-[]republicans-[]and-[]de
mocrats-[]have-[]an-[]age-[]problem/$[][]\T1/ptm/m/n/10 . 
 []

[24] (/usr/local/texlive/2015/texmf-dist/tex/latex/base/utf8.def
File: utf8.def 2014/09/29 v1.1m UTF-8 support for inputenc
) [25]
(/usr/local/texlive/2015/texmf-dist/tex/latex/base/utf8.def
File: utf8.def 2014/09/29 v1.1m UTF-8 support for inputenc
)
Overfull \hbox (11.78088pt too wide) in paragraph at lines 1159--1162
\T1/zi4/m/n/10 fivethirtyeight . com / features / every-[]guest-[]jon-[]stewart
-[]ever-[]had-[]on-[]the-[]daily-[]show/$[][]\T1/ptm/m/n/10 . 
 []


Overfull \hbox (7.498pt too wide) in paragraph at lines 1175--1176
[]\T1/ptm/m/n/10 Their oc-cu-pa-tion or of-fice, ac-cord-ing to Google's Knowl-
edge Graph
 []

(/usr/local/texlive/2015/texmf-dist/tex/latex/base/utf8.def
File: utf8.def 2014/09/29 v1.1m UTF-8 support for inputenc
)
Overfull \hbox (167.09041pt too wide) in paragraph at lines 1191--1194
\T1/ptm/m/n/10 Hillary" [][]$\T1/zi4/m/n/10 https : / / fivethirtyeight . com /
 features / some-[]democrats-[]who-[]could-[]step-[]up-[]if-[]hillary-[]isnt-[]
ready-[]for-[]hillary/$[][]\T1/ptm/m/n/10 . 
 []

[26] (/usr/local/texlive/2015/texmf-dist/tex/latex/base/utf8.def
File: utf8.def 2014/09/29 v1.1m UTF-8 support for inputenc
)
Overfull \hbox (213.94026pt too wide) in paragraph at lines 1221--1224
\T1/ptm/m/n/10 And Spir-its?" [][]$\T1/zi4/m/n/10 https : / / fivethirtyeight .
 com / features / dear-[]mona-[]followup-[]where-[]do-[]people-[]drink-[]the-[]
most-[]beer-[]wine-[]and-[]spirits/$[][]\T1/ptm/m/n/10 . 
 []

[27] (/usr/local/texlive/2015/texmf-dist/tex/latex/base/utf8.def
File: utf8.def 2014/09/29 v1.1m UTF-8 support for inputenc
) [28]
(/usr/local/texlive/2015/texmf-dist/tex/latex/base/utf8.def
File: utf8.def 2014/09/29 v1.1m UTF-8 support for inputenc
)
Overfull \hbox (0.78088pt too wide) in paragraph at lines 1342--1345
\T1/zi4/m/n/10 fivethirtyeight . com / features / blatters-[]reign-[]at-[]fifa-
[]hasnt-[]helped-[]soccers-[]poor/$[][]\T1/ptm/m/n/10 . 
 []

[29] (/usr/local/texlive/2015/texmf-dist/tex/latex/base/utf8.def
File: utf8.def 2014/09/29 v1.1m UTF-8 support for inputenc
)
Overfull \hbox (164.20068pt too wide) in paragraph at lines 1377--1384
\T1/ptm/m/n/10 Runner" [][]$\T1/zi4/m/n/10 https : / / fivethirtyeight . com / 
features / pols-[]and-[]polls-[]say-[]the-[]same-[]thing-[]jeb-[]bush-[]is-[]a-
[]weak-[]front-[]runner/$[][]\T1/ptm/m/n/10 .
 []

(/usr/local/texlive/2015/texmf-dist/tex/latex/base/utf8.def
File: utf8.def 2014/09/29 v1.1m UTF-8 support for inputenc
) [30] [31]
(/usr/local/texlive/2015/texmf-dist/tex/latex/base/utf8.def
File: utf8.def 2014/09/29 v1.1m UTF-8 support for inputenc
)
(/usr/local/texlive/2015/texmf-dist/tex/latex/base/utf8.def
File: utf8.def 2014/09/29 v1.1m UTF-8 support for inputenc
) [32]
(/usr/local/texlive/2015/texmf-dist/tex/latex/base/utf8.def
File: utf8.def 2014/09/29 v1.1m UTF-8 support for inputenc
) [33]
(/usr/local/texlive/2015/texmf-dist/tex/latex/base/utf8.def
File: utf8.def 2014/09/29 v1.1m UTF-8 support for inputenc
)
Overfull \hbox (153.43079pt too wide) in paragraph at lines 1602--1607
\T1/ptm/m/n/10 Cup" [][]$\T1/zi4/m/n/10 https : / / fivethirtyeight . com / fea
tures / the-[]fivethirtyeight-[]international-[]food-[]associations-[]2014-[]wo
rld-[]cup/$[][]\T1/ptm/m/n/10 .
 []

[34] [35] (/usr/local/texlive/2015/texmf-dist/tex/latex/base/utf8.def
File: utf8.def 2014/09/29 v1.1m UTF-8 support for inputenc
) [36]
Overfull \hbox (2.12073pt too wide) in paragraph at lines 1731--1732
[]\T1/ptm/m/n/10 See [][]$\T1/zi4/m/n/10 https : / / github . com / fivethirtye
ight / data / blob / master / congress-[]generic-[]ballot /
 []

(/usr/local/texlive/2015/texmf-dist/tex/latex/base/utf8.def
File: utf8.def 2014/09/29 v1.1m UTF-8 support for inputenc
) [37]
Overfull \hbox (2.12073pt too wide) in paragraph at lines 1772--1773
[]\T1/ptm/m/n/10 See [][]$\T1/zi4/m/n/10 https : / / github . com / fivethirtye
ight / data / blob / master / congress-[]generic-[]ballot /
 []

(/usr/local/texlive/2015/texmf-dist/tex/latex/base/utf8.def
File: utf8.def 2014/09/29 v1.1m UTF-8 support for inputenc
)
Overfull \hbox (207.81049pt too wide) in paragraph at lines 1783--1786
\T1/ptm/m/n/10 Trump Did" [][]$\T1/zi4/m/n/10 https : / / fivethirtyeight . com
 / features / the-[]media-[]really-[]started-[]paying-[]attention-[]to-[]puerto
-[]rico-[]when-[]trump-[]did/$[][]\T1/ptm/m/n/10 :
 []

[38]
Overfull \hbox (0.84094pt too wide) in paragraph at lines 1817--1820
[][][]\T1/zi4/m/n/10 mediacloud_hurricanes[][][]\T1/ptm/m/n/10 , [][]\T1/zi4/m/
n/10 mediacloud_states[][][]\T1/ptm/m/n/10 , [][]\T1/zi4/m/n/10 mediacloud_onli
ne_news[][][]\T1/ptm/m/n/10 , [][]\T1/zi4/m/n/10 mediacloud_trump[][][]\T1/ptm/
m/n/10 ,
 []

(/usr/local/texlive/2015/texmf-dist/tex/latex/base/utf8.def
File: utf8.def 2014/09/29 v1.1m UTF-8 support for inputenc
) [39]
(/usr/local/texlive/2015/texmf-dist/tex/latex/base/utf8.def
File: utf8.def 2014/09/29 v1.1m UTF-8 support for inputenc
)
Overfull \hbox (86.78088pt too wide) in paragraph at lines 1865--1868
[][]$\T1/zi4/m/n/10 https : / / fivethirtyeight . com / features / higher-[]rat
es-[]of-[]hate-[]crimes-[]are-[]tied-[]to-[]income-[]inequality/$[][]\T1/ptm/m/
n/10 . 
 []

(/usr/local/texlive/2015/texmf-dist/tex/latex/base/utf8.def
File: utf8.def 2014/09/29 v1.1m UTF-8 support for inputenc
)
Overfull \hbox (45.29929pt too wide) in paragraph at lines 1904--1907
[]\T1/ptm/m/n/10 The raw data be-hind the story "Hip-Hop Is Turn-ing On Don-ald
 Trump" [][]$\T1/zi4/m/n/10 http : / / projects . fivethirtyeight .
 []

[40] (/usr/local/texlive/2015/texmf-dist/tex/latex/base/utf8.def
File: utf8.def 2014/09/29 v1.1m UTF-8 support for inputenc
)
Overfull \hbox (16.63837pt too wide) in paragraph at lines 1939--1942
[]\T1/ptm/m/n/10 The raw data be-hind the story "The NCAA Bracket: Check-ing Ou
r Work" [][]$\T1/zi4/m/n/10 https : / / fivethirtyeight .
 []

[41] (/usr/local/texlive/2015/texmf-dist/tex/latex/base/utf8.def
File: utf8.def 2014/09/29 v1.1m UTF-8 support for inputenc
)
Overfull \hbox (15.28088pt too wide) in paragraph at lines 1972--1975
\T1/zi4/m/n/10 fivethirtyeight . com / features / how-[]the-[]fivethirtyeight-[
]senate-[]forecast-[]model-[]works/$[][]\T1/ptm/m/n/10 . 
 []

(/usr/local/texlive/2015/texmf-dist/tex/latex/base/utf8.def
File: utf8.def 2014/09/29 v1.1m UTF-8 support for inputenc
) [42]
(/usr/local/texlive/2015/texmf-dist/tex/latex/base/utf8.def
File: utf8.def 2014/09/29 v1.1m UTF-8 support for inputenc
)
Overfull \hbox (222.78033pt too wide) in paragraph at lines 2040--2044
\T1/ptm/m/n/10 Movie Of Our Time" [][]$\T1/zi4/m/n/10 https : / / fivethirtyeig
ht . com / features / some-[]people-[]are-[]too-[]superstitious-[]to-[]have-[]a
-[]baby-[]on-[]friday-[]the-[]13th/$[][]\T1/ptm/m/n/10 .
 []

[43] (/usr/local/texlive/2015/texmf-dist/tex/latex/base/utf8.def
File: utf8.def 2014/09/29 v1.1m UTF-8 support for inputenc
)
Overfull \hbox (292.78033pt too wide) in paragraph at lines 2083--2087
\T1/ptm/m/n/10 Movie Of Our Time" [][]$\T1/zi4/m/n/10 https : / / fivethirtyeig
ht . com / features / the-[]definitive-[]analysis-[]of-[]love-[]actually-[]the-
[]greatest-[]christmas-[]movie-[]of-[]our-[]time/$[][]\T1/ptm/m/n/10 .
 []

[44] (/usr/local/texlive/2015/texmf-dist/tex/latex/base/utf8.def
File: utf8.def 2014/09/29 v1.1m UTF-8 support for inputenc
) [45]
(/usr/local/texlive/2015/texmf-dist/tex/latex/base/utf8.def
File: utf8.def 2014/09/29 v1.1m UTF-8 support for inputenc
)
(/usr/local/texlive/2015/texmf-dist/tex/latex/base/utf8.def
File: utf8.def 2014/09/29 v1.1m UTF-8 support for inputenc
) [46]
Overfull \hbox (32.1383pt too wide) in paragraph at lines 2237--2242
\T1/ptm/m/n/10 12:05 a.m. and 1:15 a.m. EDT us-ing the Twit-ter stream-ing API.
 [][]$\T1/zi4/m/n/10 https : / / github . com / fivethirtyeight /
 []


Overfull \hbox (38.5809pt too wide) in paragraph at lines 2250--2250
 []   \T1/zi4/m/n/9 "https://raw.githubusercontent.com/fivethirtyeight/data/mas
ter/mayweather-mcgregor/tweets.csv"[] 
 []

(/usr/local/texlive/2015/texmf-dist/tex/latex/base/utf8.def
File: utf8.def 2014/09/29 v1.1m UTF-8 support for inputenc
) [47]
Overfull \hbox (207.81049pt too wide) in paragraph at lines 2265--2269
\T1/ptm/m/n/10 Trump Did" [][]$\T1/zi4/m/n/10 https : / / fivethirtyeight . com
 / features / the-[]media-[]really-[]started-[]paying-[]attention-[]to-[]puerto
-[]rico-[]when-[]trump-[]did/$[][]\T1/ptm/m/n/10 :
 []


Overfull \hbox (85.36096pt too wide) in paragraph at lines 2295--2298
[][][]\T1/zi4/m/n/10 mediacloud_states[][][]\T1/ptm/m/n/10 , [][]\T1/zi4/m/n/10
 mediacloud_online_news[][][]\T1/ptm/m/n/10 , [][]\T1/zi4/m/n/10 mediacloud_tru
mp[][][]\T1/ptm/m/n/10 , [][]\T1/zi4/m/n/10 tv_hurricanes[][][]\T1/ptm/m/n/10 ,
 [][]\T1/zi4/m/n/10 tv_hurricanes_by_network[][][]\T1/ptm/m/n/10 ,
 []

(/usr/local/texlive/2015/texmf-dist/tex/latex/base/utf8.def
File: utf8.def 2014/09/29 v1.1m UTF-8 support for inputenc
)
Overfull \hbox (207.81049pt too wide) in paragraph at lines 2304--2308
\T1/ptm/m/n/10 Trump Did" [][]$\T1/zi4/m/n/10 https : / / fivethirtyeight . com
 / features / the-[]media-[]really-[]started-[]paying-[]attention-[]to-[]puerto
-[]rico-[]when-[]trump-[]did/$[][]\T1/ptm/m/n/10 :
 []

[48]
Overfull \hbox (80.36096pt too wide) in paragraph at lines 2331--2334
[][][]\T1/zi4/m/n/10 mediacloud_hurricanes[][][]\T1/ptm/m/n/10 , [][]\T1/zi4/m/
n/10 mediacloud_states[][][]\T1/ptm/m/n/10 , [][]\T1/zi4/m/n/10 mediacloud_trum
p[][][]\T1/ptm/m/n/10 , [][]\T1/zi4/m/n/10 tv_hurricanes[][][]\T1/ptm/m/n/10 , 
[][]\T1/zi4/m/n/10 tv_hurricanes_by_network[][][]\T1/ptm/m/n/10 ,
 []

(/usr/local/texlive/2015/texmf-dist/tex/latex/base/utf8.def
File: utf8.def 2014/09/29 v1.1m UTF-8 support for inputenc
)
Overfull \hbox (207.81049pt too wide) in paragraph at lines 2340--2344
\T1/ptm/m/n/10 Trump Did" [][]$\T1/zi4/m/n/10 https : / / fivethirtyeight . com
 / features / the-[]media-[]really-[]started-[]paying-[]attention-[]to-[]puerto
-[]rico-[]when-[]trump-[]did/$[][]\T1/ptm/m/n/10 :
 []


Overfull \hbox (105.36096pt too wide) in paragraph at lines 2369--2372
[][][]\T1/zi4/m/n/10 mediacloud_hurricanes[][][]\T1/ptm/m/n/10 , [][]\T1/zi4/m/
n/10 mediacloud_online_news[][][]\T1/ptm/m/n/10 , [][]\T1/zi4/m/n/10 mediacloud
_trump[][][]\T1/ptm/m/n/10 , [][]\T1/zi4/m/n/10 tv_hurricanes[][][]\T1/ptm/m/n/
10 , [][]\T1/zi4/m/n/10 tv_hurricanes_by_network[][][]\T1/ptm/m/n/10 ,
 []

(/usr/local/texlive/2015/texmf-dist/tex/latex/base/utf8.def
File: utf8.def 2014/09/29 v1.1m UTF-8 support for inputenc
)
Overfull \hbox (207.81049pt too wide) in paragraph at lines 2378--2382
\T1/ptm/m/n/10 Trump Did" [][]$\T1/zi4/m/n/10 https : / / fivethirtyeight . com
 / features / the-[]media-[]really-[]started-[]paying-[]attention-[]to-[]puerto
-[]rico-[]when-[]trump-[]did/$[][]\T1/ptm/m/n/10 :
 []

[49]
Overfull \hbox (108.34094pt too wide) in paragraph at lines 2410--2413
[][][]\T1/zi4/m/n/10 mediacloud_hurricanes[][][]\T1/ptm/m/n/10 , [][]\T1/zi4/m/
n/10 mediacloud_states[][][]\T1/ptm/m/n/10 , [][]\T1/zi4/m/n/10 mediacloud_onli
ne_news[][][]\T1/ptm/m/n/10 ,[][]\T1/zi4/m/n/10 tv_hurricanes[][][]\T1/ptm/m/n/
10 , [][]\T1/zi4/m/n/10 tv_hurricanes_by_network[][][]\T1/ptm/m/n/10 ,
 []

(/usr/local/texlive/2015/texmf-dist/tex/latex/base/utf8.def
File: utf8.def 2014/09/29 v1.1m UTF-8 support for inputenc
) [50]
(/usr/local/texlive/2015/texmf-dist/tex/latex/base/utf8.def
File: utf8.def 2014/09/29 v1.1m UTF-8 support for inputenc
) [51]
Overfull \hbox (8.89687pt too wide) in paragraph at lines 2486--2487
[]\T1/ptm/m/n/10 Unadjusted pythagorean tal-ent rat-ing; PYTH =(RSPG^1.83)/(RSP
G^1.83+RAPG^1.83) 
 []


Overfull \hbox (25.17747pt too wide) in paragraph at lines 2489--2490
[]\T1/ptm/m/n/10 Adjusted pythagorean record; =(SOS*unadj_Pyth)/((2*unadj_Pyth*
SOS)-SOS-unadj_Pyth+1) 
 []

(/usr/local/texlive/2015/texmf-dist/tex/latex/base/utf8.def
File: utf8.def 2014/09/29 v1.1m UTF-8 support for inputenc
)
Overfull \hbox (31.77846pt too wide) in paragraph at lines 2504--2507
[]\T1/ptm/m/n/10 The raw data be-hind the sto-ries: "The Com-plete His-tory Of 
MLB" [][]$\T1/zi4/m/n/10 https : / / projects . fivethirtyeight .
 []


Overfull \hbox (8.14938pt too wide) in paragraph at lines 2504--2507
\T1/zi4/m/n/10 com / complete-[]history-[]of-[]mlb/$[][] \T1/ptm/m/n/10 and "ML
B Pre-dic-tions" [][]$\T1/zi4/m/n/10 https : / / projects . fivethirtyeight .
 []

[52] (/usr/local/texlive/2015/texmf-dist/tex/latex/base/utf8.def
File: utf8.def 2014/09/29 v1.1m UTF-8 support for inputenc
) [53]
Overfull \hbox (26.78088pt too wide) in paragraph at lines 2575--2578
\T1/zi4/m/n/10 fivethirtyeight . com / features / a-[]handful-[]of-[]cities-[]a
re-[]driving-[]2016s-[]rise-[]in-[]murders/$[][]\T1/ptm/m/n/10 . 
 []

(/usr/local/texlive/2015/texmf-dist/tex/latex/base/utf8.def
File: utf8.def 2014/09/29 v1.1m UTF-8 support for inputenc
)
Overfull \hbox (26.78088pt too wide) in paragraph at lines 2607--2610
\T1/zi4/m/n/10 fivethirtyeight . com / features / a-[]handful-[]of-[]cities-[]a
re-[]driving-[]2016s-[]rise-[]in-[]murders/$[][]\T1/ptm/m/n/10 . 
 []

[54] (/usr/local/texlive/2015/texmf-dist/tex/latex/base/utf8.def
File: utf8.def 2014/09/29 v1.1m UTF-8 support for inputenc
)
Overfull \hbox (38.5289pt too wide) in paragraph at lines 2641--2646
[]\T1/ptm/m/n/10 The raw data be-hind the story "The Com-plete His-tory Of The 
NBA" [][]$\T1/zi4/m/n/10 https : / / projects . fivethirtyeight .
 []

[55]
Overfull \hbox (2.5809pt too wide) in paragraph at lines 2693--2693
 []\T1/zi4/m/n/9 nba_carmelo <- read_csv("https://projects.fivethirtyeight.com/
nba-model/nba_elo.csv") %>%[] 
 []

(/usr/local/texlive/2015/texmf-dist/tex/latex/base/utf8.def
File: utf8.def 2014/09/29 v1.1m UTF-8 support for inputenc
)
Overfull \hbox (87.28088pt too wide) in paragraph at lines 2709--2714
[][]$\T1/zi4/m/n/10 https : / / fivethirtyeight . com / features / projecting-[
]the-[]top-[]50-[]players-[]in-[]the-[]2015-[]nba-[]draft-[]class/$[][]\T1/ptm/
m/n/10 .
 []


Overfull \hbox (101.12073pt too wide) in paragraph at lines 2740--2741
[]\T1/ptm/m/n/10 See [][]$\T1/zi4/m/n/10 https : / / fivethirtyeight . com / fe
atures / projecting-[]the-[]top-[]50-[]players-[]in-[]the-[]2015-[]nba-[]draft-
[]class/$[][] 
 []

(/usr/local/texlive/2015/texmf-dist/tex/latex/base/utf8.def
File: utf8.def 2014/09/29 v1.1m UTF-8 support for inputenc
)
Overfull \hbox (151.04051pt too wide) in paragraph at lines 2747--2750
\T1/ptm/m/n/10 Close" [][]$\T1/zi4/m/n/10 https : / / fivethirtyeight . com / f
eatures / accurately-[]counting-[]nba-[]tattoos-[]isnt-[]easy-[]even-[]if-[]you
re-[]up-[]close/$[][]\T1/ptm/m/n/10 . 
 []

[56] (/usr/local/texlive/2015/texmf-dist/tex/latex/base/utf8.def
File: utf8.def 2014/09/29 v1.1m UTF-8 support for inputenc
)
(/usr/local/texlive/2015/texmf-dist/tex/latex/base/utf8.def
File: utf8.def 2014/09/29 v1.1m UTF-8 support for inputenc
) [57]
(/usr/local/texlive/2015/texmf-dist/tex/latex/base/utf8.def
File: utf8.def 2014/09/29 v1.1m UTF-8 support for inputenc
)
Overfull \hbox (1.28088pt too wide) in paragraph at lines 2835--2838
\T1/zi4/m/n/10 fivethirtyeight . com / features / the-[]football-[]hall-[]of-[]
fame-[]has-[]a-[]receiver-[]problem/$[][]\T1/ptm/m/n/10 . 
 []

(/usr/local/texlive/2015/texmf-dist/tex/latex/base/utf8.def
File: utf8.def 2014/09/29 v1.1m UTF-8 support for inputenc
)
Overfull \hbox (1.28088pt too wide) in paragraph at lines 2865--2868
\T1/zi4/m/n/10 fivethirtyeight . com / features / the-[]football-[]hall-[]of-[]
fame-[]has-[]a-[]receiver-[]problem/$[][]\T1/ptm/m/n/10 . 
 []

[58]
Overfull \hbox (73.11084pt too wide) in paragraph at lines 2885--2886
\T1/zi4/m/n/10 sabernomics . com / sabernomics / index . php / 2005 / 02 / rank
ing-[]the-[]all-[]time-[]great-[]wide-[]receivers/$[][]\T1/ptm/m/n/10 ) 
 []


Overfull \hbox (55.12073pt too wide) in paragraph at lines 2891--2892
[]\T1/ptm/m/n/10 See [][]$\T1/zi4/m/n/10 https : / / fivethirtyeight . com / fe
atures / the-[]football-[]hall-[]of-[]fame-[]has-[]a-[]receiver-[]problem/$[][]
 
 []

(/usr/local/texlive/2015/texmf-dist/tex/latex/base/utf8.def
File: utf8.def 2014/09/29 v1.1m UTF-8 support for inputenc
)
Overfull \hbox (31.10886pt too wide) in paragraph at lines 2898--2903
[]\T1/ptm/m/n/10 The raw data be-hind the story "The Com-plete His-tory of the 
NFL" [][]$\T1/zi4/m/n/10 https : / / projects . fivethirtyeight .
 []

[59]
Overfull \hbox (102.58504pt too wide) in paragraph at lines 2937--2947
\T1/ptm/m/n/10 dataset, run the fol-low-ing code: li-brary(tidyverse) li-brary(
janitor) nfl_elo <- read_csv("https://projects.fivethirtyeight.com/nfl-
 []

(/usr/local/texlive/2015/texmf-dist/tex/latex/base/utf8.def
File: utf8.def 2014/09/29 v1.1m UTF-8 support for inputenc
)
Overfull \hbox (34.52805pt too wide) in paragraph at lines 2953--2956
[]\T1/ptm/m/n/10 The raw data be-hind the story "How Ev-ery NFL Team's Fans Lea
n Po-lit-i-cally" [][]$\T1/zi4/m/n/10 https : / / fivethirtyeight .
 []

[60] (/usr/local/texlive/2015/texmf-dist/tex/latex/base/utf8.def
File: utf8.def 2014/09/29 v1.1m UTF-8 support for inputenc
)
Overfull \hbox (34.52805pt too wide) in paragraph at lines 3002--3005
[]\T1/ptm/m/n/10 The raw data be-hind the story "How Ev-ery NFL Team's Fans Lea
n Po-lit-i-cally" [][]$\T1/zi4/m/n/10 https : / / fivethirtyeight .
 []

[61]
Overfull \hbox (82.12073pt too wide) in paragraph at lines 3047--3048
[]\T1/ptm/m/n/10 See [][]$\T1/zi4/m/n/10 https : / / github . com / fivethirtye
ight / data / tree / master / nfl-[]fandom / NFL _ fandom _ data-[]surveymonkey
 .
 []

[62] (/usr/local/texlive/2015/texmf-dist/tex/latex/base/utf8.def
File: utf8.def 2014/09/29 v1.1m UTF-8 support for inputenc
)
Overfull \hbox (238.2693pt too wide) in paragraph at lines 3070--3073
\T1/ptm/m/n/10 A New NFL Team" [][]$\T1/zi4/m/n/10 https : / / fivethirtyeight 
. com / features / the-[]rams-[]are-[]dead-[]to-[]me-[]so-[]i-[]answered-[]3352
-[]questions-[]to-[]find-[]a-[]new-[]team/$[][]\T1/ptm/m/n/10 . 
 []


Overfull \hbox (69.3009pt too wide) in paragraph at lines 3107--3108
[][][]$\T1/zi4/m/n/10 http : / / www . espn . com / sportsnation / teamrankings
$[][]\T1/ptm/m/n/10 , [][]$\T1/zi4/m/n/10 http : / / www . allourideas . org / 
nflteampickingsample$[][] 
 []

(/usr/local/texlive/2015/texmf-dist/tex/latex/base/utf8.def
File: utf8.def 2014/09/29 v1.1m UTF-8 support for inputenc
) [63]
Overfull \hbox (19.3009pt too wide) in paragraph at lines 3141--3142
[][][]$\T1/zi4/m/n/10 http : / / en . wikipedia . org / wiki / List _ of _ play
ers _ and _ coaches _ suspended _ by _ the _ NFL$[][]\T1/ptm/m/n/10 , [][]$\T1/
zi4/m/n/10 http :
 []

(/usr/local/texlive/2015/texmf-dist/tex/latex/base/utf8.def
File: utf8.def 2014/09/29 v1.1m UTF-8 support for inputenc
)
Overfull \hbox (44.94862pt too wide) in paragraph at lines 3148--3151
[]\T1/ptm/m/n/10 The raw data be-hind the story "You Can't Trust What You Read 
About Nu-tri-tion" [][]$\T1/zi4/m/n/10 https : / / fivethirtyeight .
 []


Overfull \hbox (29.62073pt too wide) in paragraph at lines 3171--3172
[]\T1/ptm/m/n/10 See [][]$\T1/zi4/m/n/10 https : / / fivethirtyeight . com / fe
atures / you-[]cant-[]trust-[]what-[]you-[]read-[]about-[]nutrition$[][] 
 []

[64] (/usr/local/texlive/2015/texmf-dist/tex/latex/base/utf8.def
File: utf8.def 2014/09/29 v1.1m UTF-8 support for inputenc
)
Overfull \hbox (184.26047pt too wide) in paragraph at lines 3178--3181
\T1/ptm/m/n/10 His-tory" [][]$\T1/zi4/m/n/10 https : / / fivethirtyeight . com 
/ features / the-[]dallas-[]shooting-[]was-[]among-[]the-[]deadliest-[]for-[]po
lice-[]in-[]u-[]s-[]history/$[][]\T1/ptm/m/n/10 . 
 []

(/usr/local/texlive/2015/texmf-dist/tex/latex/base/utf8.def
File: utf8.def 2014/09/29 v1.1m UTF-8 support for inputenc
)
Overfull \hbox (33.17854pt too wide) in paragraph at lines 3212--3215
[]\T1/ptm/m/n/10 The raw data be-hind the story "Where Po-lice Have Killed Amer
-i-cans In 2015" [][]$\T1/zi4/m/n/10 https : / / fivethirtyeight .
 []

[65] [66] (/usr/local/texlive/2015/texmf-dist/tex/latex/base/utf8.def
File: utf8.def 2014/09/29 v1.1m UTF-8 support for inputenc
) [67]
(/usr/local/texlive/2015/texmf-dist/tex/latex/base/utf8.def
File: utf8.def 2014/09/29 v1.1m UTF-8 support for inputenc
)
Overfull \hbox (87.78088pt too wide) in paragraph at lines 3333--3336
[][]$\T1/zi4/m/n/10 https : / / fivethirtyeight . com / features / the-[]last-[
]10-[]weeks-[]of-[]2016-[]campaign-[]stops-[]in-[]one-[]handy-[]gif/$[][]\T1/pt
m/m/n/10 . 
 []

(/usr/local/texlive/2015/texmf-dist/tex/latex/base/utf8.def
File: utf8.def 2014/09/29 v1.1m UTF-8 support for inputenc
)
Overfull \hbox (223.32079pt too wide) in paragraph at lines 3365--3368
\T1/ptm/m/n/10 They Used To" [][]$\T1/zi4/m/n/10 https : / / fivethirtyeight . 
com / features / sitting-[]presidents-[]give-[]way-[]more-[]commencement-[]spee
ches-[]than-[]they-[]used-[]to/$[][]\T1/ptm/m/n/10 . 
 []

[68] (/usr/local/texlive/2015/texmf-dist/tex/latex/base/utf8.def
File: utf8.def 2014/09/29 v1.1m UTF-8 support for inputenc
)
Overfull \hbox (35.00818pt too wide) in paragraph at lines 3400--3403
[]\T1/ptm/m/n/10 The raw data be-hind the story "Do Pulitzers Help News-pa-pers
 Keep Read-ers?" [][]$\T1/zi4/m/n/10 https : / / fivethirtyeight .
 []

[69]
Overfull \hbox (18.62073pt too wide) in paragraph at lines 3427--3428
[]\T1/ptm/m/n/10 See [][]$\T1/zi4/m/n/10 https : / / fivethirtyeight . com / fe
atures / do-[]pulitzers-[]help-[]newspapers-[]keep-[]readers/$[][] 
 []

(/usr/local/texlive/2015/texmf-dist/tex/latex/base/utf8.def
File: utf8.def 2014/09/29 v1.1m UTF-8 support for inputenc
)
Overfull \hbox (140.43065pt too wide) in paragraph at lines 3434--3437
\T1/ptm/m/n/10 ings" [][]$\T1/zi4/m/n/10 https : / / fivethirtyeight . com / fe
atures / al-[]gores-[]new-[]movie-[]exposes-[]the-[]big-[]flaw-[]in-[]online-[]
movie-[]ratings/$[][]\T1/ptm/m/n/10 . 
 []

[70]
Overfull \hbox (55.69984pt too wide) in paragraph at lines 3481--3483
[]\T1/ptm/m/n/10 IMBD [][]$\T1/zi4/m/n/10 http : / / www . imdb . com / title /
 tt6322922 / ratings$[][] \T1/ptm/m/n/10 and see [][]$\T1/zi4/m/n/10 https : / 
/ github . com / fivethirtyeight /
 []


Overfull \hbox (13.38095pt too wide) in paragraph at lines 3491--3491
 []  \T1/zi4/m/n/9 gather(votes, count, -c(timestamp, respondents, category, li
nk, average, mean, median)) %>%[] 
 []

(/usr/local/texlive/2015/texmf-dist/tex/latex/base/utf8.def
File: utf8.def 2014/09/29 v1.1m UTF-8 support for inputenc
) [71]
(/usr/local/texlive/2015/texmf-dist/tex/latex/base/utf8.def
File: utf8.def 2014/09/29 v1.1m UTF-8 support for inputenc
)
Overfull \hbox (8.8188pt too wide) in paragraph at lines 3554--3558
[]\T1/ptm/m/n/10 The raw data be-hind the story "The Bat-tle For Rid-dler Na-ti
on, Round 2" [][]$\T1/zi4/m/n/10 https : / / fivethirtyeight .
 []


Overfull \hbox (89.78015pt too wide) in paragraph at lines 3554--3558
\T1/ptm/m/n/10 tions can be found at: [][]$\T1/zi4/m/n/10 https : / / fivethirt
yeight . com / features / how-[]much-[]should-[]you-[]bid-[]for-[]that-[]painti
ng/$[][] 
 []

[72] (/usr/local/texlive/2015/texmf-dist/tex/latex/base/utf8.def
File: utf8.def 2014/09/29 v1.1m UTF-8 support for inputenc
)
(/usr/local/texlive/2015/texmf-dist/tex/latex/base/utf8.def
File: utf8.def 2014/09/29 v1.1m UTF-8 support for inputenc
) [73] [74]
Overfull \hbox (66.24948pt too wide) in paragraph at lines 3678--3680
[]\T1/ptm/m/n/10 Data from NYC Open Data [][]$\T1/zi4/m/n/10 https : / / data .
 cityofnewyork . us / City-[]Government / 311-[]Call-[]Center-[]Inquiry /
 []


Overfull \hbox (41.38925pt too wide) in paragraph at lines 3678--3680
\T1/zi4/m/n/10 tdd6-[]3ysr$[][]\T1/ptm/m/n/10 , Agency acronyms from the Data D
ic-tio-nary. See also [][]$\T1/zi4/m/n/10 https : / / github . com / fivethirty
eight /
 []

(/usr/local/texlive/2015/texmf-dist/tex/latex/base/utf8.def
File: utf8.def 2014/09/29 v1.1m UTF-8 support for inputenc
)
Overfull \hbox (149.25073pt too wide) in paragraph at lines 3699--3702
\T1/ptm/m/n/10 One'" [][]$\T1/zi4/m/n/10 https : / / fivethirtyeight . com / fe
atures / the-[]rock-[]isnt-[]alone-[]lots-[]of-[]people-[]are-[]worried-[]about
-[]the-[]big-[]one/$[][]\T1/ptm/m/n/10 . 
 []

[75] (/usr/local/texlive/2015/texmf-dist/tex/latex/base/utf8.def
File: utf8.def 2014/09/29 v1.1m UTF-8 support for inputenc
)
Overfull \hbox (51.78088pt too wide) in paragraph at lines 3737--3740
\T1/zi4/m/n/10 / / fivethirtyeight . com / features / early-[]senate-[]polls-[]
have-[]plenty-[]to-[]tell-[]us-[]about-[]november/$[][]\T1/ptm/m/n/10 . 
 []

(/usr/local/texlive/2015/texmf-dist/tex/latex/base/utf8.def
File: utf8.def 2014/09/29 v1.1m UTF-8 support for inputenc
) [76]
Overfull \hbox (11.25609pt too wide) in paragraph at lines 3790--3791
[]\T1/ptm/m/n/10 The poster's mem-ber ID from the "Bi-o-graph-i-cal Di-rec-tory
 of the United States Congress" 
 []


Overfull \hbox (46.68091pt too wide) in paragraph at lines 3814--3814
 []  \T1/zi4/m/n/9 url <- "https://raw.githubusercontent.com/fivethirtyeight/da
ta/master/twitter-ratio/senators.csv"[] 
 []

[77] (/usr/local/texlive/2015/texmf-dist/tex/latex/base/utf8.def
File: utf8.def 2014/09/29 v1.1m UTF-8 support for inputenc
)
Overfull \hbox (30.93976pt too wide) in paragraph at lines 3831--3835
\T1/zi4/m/n/10 com / soccer-[]predictions/$[][] \T1/ptm/m/n/10 and "Global Club
 Soc-cer Rank-ings" [][]$\T1/zi4/m/n/10 https : / / projects . fivethirtyeight 
.
 []

(/usr/local/texlive/2015/texmf-dist/tex/latex/base/utf8.def
File: utf8.def 2014/09/29 v1.1m UTF-8 support for inputenc
)
Overfull \hbox (30.93976pt too wide) in paragraph at lines 3870--3873
\T1/zi4/m/n/10 com / soccer-[]predictions/$[][] \T1/ptm/m/n/10 and "Global Club
 Soc-cer Rank-ings" [][]$\T1/zi4/m/n/10 https : / / projects . fivethirtyeight 
.
 []

[78] (/usr/local/texlive/2015/texmf-dist/tex/latex/base/utf8.def
File: utf8.def 2014/09/29 v1.1m UTF-8 support for inputenc
) [79]
(/usr/local/texlive/2015/texmf-dist/tex/latex/base/utf8.def
File: utf8.def 2014/09/29 v1.1m UTF-8 support for inputenc
)
Overfull \hbox (185.4395pt too wide) in paragraph at lines 3962--3968
\T1/ptm/m/n/10 A Quentin Tarantino Movie" [][]$\T1/zi4/m/n/10 https : / / fivet
hirtyeight . com / features / complete-[]catalog-[]curses-[]deaths-[]quentin-[]
tarantino-[]films/$[][]\T1/ptm/m/n/10 .
 []

[80] (/usr/local/texlive/2015/texmf-dist/tex/latex/base/utf8.def
File: utf8.def 2014/09/29 v1.1m UTF-8 support for inputenc
)
Overfull \hbox (14.43906pt too wide) in paragraph at lines 3996--3999
[]\T1/ptm/m/n/10 The raw data be-hind the story "Why Some Ten-nis Matches Take 
For-ever" [][]$\T1/zi4/m/n/10 https : / / fivethirtyeight .
 []

[81] (/usr/local/texlive/2015/texmf-dist/tex/latex/base/utf8.def
File: utf8.def 2014/09/29 v1.1m UTF-8 support for inputenc
)
Overfull \hbox (14.43906pt too wide) in paragraph at lines 4032--4035
[]\T1/ptm/m/n/10 The raw data be-hind the story "Why Some Ten-nis Matches Take 
For-ever" [][]$\T1/zi4/m/n/10 https : / / fivethirtyeight .
 []

(/usr/local/texlive/2015/texmf-dist/tex/latex/base/utf8.def
File: utf8.def 2014/09/29 v1.1m UTF-8 support for inputenc
)
Overfull \hbox (14.43906pt too wide) in paragraph at lines 4065--4068
[]\T1/ptm/m/n/10 The raw data be-hind the story "Why Some Ten-nis Matches Take 
For-ever" [][]$\T1/zi4/m/n/10 https : / / fivethirtyeight .
 []

[82] (/usr/local/texlive/2015/texmf-dist/tex/latex/base/utf8.def
File: utf8.def 2014/09/29 v1.1m UTF-8 support for inputenc
)
Overfull \hbox (294.20987pt too wide) in paragraph at lines 4103--4106
\T1/ptm/m/n/10 er-ate On Im-mi-gra-tion" [][]$\T1/zi4/m/n/10 https : / / fiveth
irtyeight . com / features / for-[]a-[]trump-[]nominee-[]neil-[]gorsuchs-[]reco
rd-[]is-[]surprisingly-[]moderate-[]on-[]immigration/$[][]\T1/ptm/m/n/10 . 
 []

[83] (/usr/local/texlive/2015/texmf-dist/tex/latex/base/utf8.def
File: utf8.def 2014/09/29 v1.1m UTF-8 support for inputenc
)
Overfull \hbox (119.76pt too wide) in paragraph at lines 4179--4180
[]\T1/ptm/m/n/10 Pew Re-search Cen-ter [][]$\T1/zi4/m/n/10 http : / / www . pew
research . org / fact-[]tank / 2017 / 07 / 17 / 9-[]charts-[]on-[]how-[]the-[]w
orld-[]sees-[]trump/$[][] 
 []

(/usr/local/texlive/2015/texmf-dist/tex/latex/base/utf8.def
File: utf8.def 2014/09/29 v1.1m UTF-8 support for inputenc
) [84] [85]
Overfull \hbox (119.76pt too wide) in paragraph at lines 4251--4252
[]\T1/ptm/m/n/10 Pew Re-search Cen-ter [][]$\T1/zi4/m/n/10 http : / / www . pew
research . org / fact-[]tank / 2017 / 07 / 17 / 9-[]charts-[]on-[]how-[]the-[]w
orld-[]sees-[]trump/$[][] 
 []

(/usr/local/texlive/2015/texmf-dist/tex/latex/base/utf8.def
File: utf8.def 2014/09/29 v1.1m UTF-8 support for inputenc
)
Overfull \hbox (22.2891pt too wide) in paragraph at lines 4271--4274
[]\T1/ptm/m/n/10 The raw data be-hind the story: "How Pop-u-lar is Don-ald Trum
p" [][]$\T1/zi4/m/n/10 https : / / projects . fivethirtyeight .
 []

[86]
Overfull \hbox (12.12085pt too wide) in paragraph at lines 4315--4317
[][][]$\T1/zi4/m/n/10 https : / / projects . fivethirtyeight . com / trump-[]ap
proval-[]data / approval _ polllist . csv$[][] \T1/ptm/m/n/10 and
 []

(/usr/local/texlive/2015/texmf-dist/tex/latex/base/utf8.def
File: utf8.def 2014/09/29 v1.1m UTF-8 support for inputenc
)
Overfull \hbox (22.2891pt too wide) in paragraph at lines 4327--4330
[]\T1/ptm/m/n/10 The raw data be-hind the story: "How Pop-u-lar is Don-ald Trum
p" [][]$\T1/zi4/m/n/10 https : / / projects . fivethirtyeight .
 []

[87] (/usr/local/texlive/2015/texmf-dist/tex/latex/base/utf8.def
File: utf8.def 2014/09/29 v1.1m UTF-8 support for inputenc
) [88]
(/usr/local/texlive/2015/texmf-dist/tex/latex/base/utf8.def
File: utf8.def 2014/09/29 v1.1m UTF-8 support for inputenc
)
Overfull \hbox (26.36894pt too wide) in paragraph at lines 4401--4407
[]\T1/ptm/m/n/10 The raw data be-hind the story "The World's Fa-vorite Don-ald 
Trump Tweets" [][]$\T1/zi4/m/n/10 https : / / fivethirtyeight .
 []


Overfull \hbox (14.22758pt too wide) in paragraph at lines 4401--4407
\T1/ptm/m/n/10 Don-ald Trump (@re-al-Don-aldTrump). An anal-y-sis us-ing this d
ata was con-tributed by Adam Spannbauer
 []

(/usr/local/texlive/2015/texmf-dist/tex/latex/base/utf8.def
File: utf8.def 2014/09/29 v1.1m UTF-8 support for inputenc
) [89]
Overfull \hbox (207.81049pt too wide) in paragraph at lines 4434--4438
\T1/ptm/m/n/10 Trump Did" [][]$\T1/zi4/m/n/10 https : / / fivethirtyeight . com
 / features / the-[]media-[]really-[]started-[]paying-[]attention-[]to-[]puerto
-[]rico-[]when-[]trump-[]did/$[][]\T1/ptm/m/n/10 :
 []


Overfull \hbox (0.84094pt too wide) in paragraph at lines 4465--4468
[][][]\T1/zi4/m/n/10 mediacloud_hurricanes[][][]\T1/ptm/m/n/10 , [][]\T1/zi4/m/
n/10 mediacloud_states[][][]\T1/ptm/m/n/10 , [][]\T1/zi4/m/n/10 mediacloud_onli
ne_news[][][]\T1/ptm/m/n/10 , [][]\T1/zi4/m/n/10 mediacloud_trump[][][]\T1/ptm/
m/n/10 ,
 []

(/usr/local/texlive/2015/texmf-dist/tex/latex/base/utf8.def
File: utf8.def 2014/09/29 v1.1m UTF-8 support for inputenc
)
Overfull \hbox (207.81049pt too wide) in paragraph at lines 4474--4478
\T1/ptm/m/n/10 Trump Did" [][]$\T1/zi4/m/n/10 https : / / fivethirtyeight . com
 / features / the-[]media-[]really-[]started-[]paying-[]attention-[]to-[]puerto
-[]rico-[]when-[]trump-[]did/$[][]\T1/ptm/m/n/10 :
 []

[90]
Overfull \hbox (0.84094pt too wide) in paragraph at lines 4506--4508
[][][]\T1/zi4/m/n/10 mediacloud_hurricanes[][][]\T1/ptm/m/n/10 , [][]\T1/zi4/m/
n/10 mediacloud_states[][][]\T1/ptm/m/n/10 , [][]\T1/zi4/m/n/10 mediacloud_onli
ne_news[][][]\T1/ptm/m/n/10 , [][]\T1/zi4/m/n/10 mediacloud_trump[][][]\T1/ptm/
m/n/10 ,
 []

(/usr/local/texlive/2015/texmf-dist/tex/latex/base/utf8.def
File: utf8.def 2014/09/29 v1.1m UTF-8 support for inputenc
)
Overfull \hbox (207.81049pt too wide) in paragraph at lines 4514--4518
\T1/ptm/m/n/10 Trump Did" [][]$\T1/zi4/m/n/10 https : / / fivethirtyeight . com
 / features / the-[]media-[]really-[]started-[]paying-[]attention-[]to-[]puerto
-[]rico-[]when-[]trump-[]did/$[][]\T1/ptm/m/n/10 :
 []


Overfull \hbox (0.84094pt too wide) in paragraph at lines 4544--4546
[][][]\T1/zi4/m/n/10 mediacloud_hurricanes[][][]\T1/ptm/m/n/10 , [][]\T1/zi4/m/
n/10 mediacloud_states[][][]\T1/ptm/m/n/10 , [][]\T1/zi4/m/n/10 mediacloud_onli
ne_news[][][]\T1/ptm/m/n/10 , [][]\T1/zi4/m/n/10 mediacloud_trump[][][]\T1/ptm/
m/n/10 ,
 []

(/usr/local/texlive/2015/texmf-dist/tex/latex/base/utf8.def
File: utf8.def 2014/09/29 v1.1m UTF-8 support for inputenc
) [91]
(/usr/local/texlive/2015/texmf-dist/tex/latex/base/utf8.def
File: utf8.def 2014/09/29 v1.1m UTF-8 support for inputenc
)
Overfull \hbox (39.81879pt too wide) in paragraph at lines 4596--4599
[]\T1/ptm/m/n/10 The raw data be-hind: "May-weather Is De-fined By The Zero Nex
t To His Name" [][]$\T1/zi4/m/n/10 https : / / fivethirtyeight .
 []

[92] (/usr/local/texlive/2015/texmf-dist/tex/latex/base/utf8.def
File: utf8.def 2014/09/29 v1.1m UTF-8 support for inputenc
)
Overfull \hbox (126.53062pt too wide) in paragraph at lines 4627--4630
\T1/ptm/m/n/10 Them?" [][]$\T1/zi4/m/n/10 https : / / fivethirtyeight . com / f
eatures / there-[]are-[]922-[]unisex-[]names-[]in-[]america-[]is-[]yours-[]one-
[]of-[]them/$[][]\T1/ptm/m/n/10 . 
 []


Overfull \hbox (11.10907pt too wide) in paragraph at lines 4652--4653
[]\T1/ptm/m/n/10 Social Se-cu-rity Ad-min-is-tra-tion [][]$\T1/zi4/m/n/10 https
 : / / www . ssa . gov / oact / babynames / limits . html$[][]\T1/ptm/m/n/10 . 
See [][]$\T1/zi4/m/n/10 https :
 []

(/usr/local/texlive/2015/texmf-dist/tex/latex/base/utf8.def
File: utf8.def 2014/09/29 v1.1m UTF-8 support for inputenc
) [93]
Overfull \hbox (162.04076pt too wide) in paragraph at lines 4659--4662
\T1/ptm/m/n/10 13th" [][]$\T1/zi4/m/n/10 https : / / fivethirtyeight . com / fe
atures / some-[]people-[]are-[]too-[]superstitious-[]to-[]have-[]a-[]baby-[]on-
[]friday-[]the-[]13th/$[][]\T1/ptm/m/n/10 . 
 []

(/usr/local/texlive/2015/texmf-dist/tex/latex/base/utf8.def
File: utf8.def 2014/09/29 v1.1m UTF-8 support for inputenc
)
Overfull \hbox (162.04076pt too wide) in paragraph at lines 4696--4699
\T1/ptm/m/n/10 13th" [][]$\T1/zi4/m/n/10 https : / / fivethirtyeight . com / fe
atures / some-[]people-[]are-[]too-[]superstitious-[]to-[]have-[]a-[]baby-[]on-
[]friday-[]the-[]13th/$[][]\T1/ptm/m/n/10 . 
 []

[94] (/usr/local/texlive/2015/texmf-dist/tex/latex/base/utf8.def
File: utf8.def 2014/09/29 v1.1m UTF-8 support for inputenc
)
Overfull \hbox (14.6991pt too wide) in paragraph at lines 4733--4736
[]\T1/ptm/m/n/10 The raw data be-hind the story "Where Peo-ple Go To Check The 
Weather" [][]$\T1/zi4/m/n/10 https : / / fivethirtyeight .
 []

(./Rd2.ind [95] [96]
LaTeX Font Info:    Font shape `T1/ptm/bx/n' in size <12> not available
(Font)              Font shape `T1/ptm/b/n' tried instead on input line 3.
 [97

]

LaTeX Font Warning: Font shape `T1/zi4/m/it' undefined
(Font)              using `T1/zi4/m/n' instead on input line 174.

[98] [99

])
Package atveryend Info: Empty hook `BeforeClearDocument' on input line 4765.
Package atveryend Info: Empty hook `AfterLastShipout' on input line 4765.
 (./Rd2.aux)
Package atveryend Info: Executing hook `AtVeryEndDocument' on input line 4765.
Package atveryend Info: Executing hook `AtEndAfterFileList' on input line 4765.

Package rerunfilecheck Info: File `Rd2.out' has not changed.
(rerunfilecheck)             Checksum: C650FA46FDF048559244136E0D15E9C4;7725.


LaTeX Font Warning: Some font shapes were not available, defaults substituted.

Package atveryend Info: Empty hook `AtVeryVeryEnd' on input line 4765.
 ) 
Here is how much of TeX's memory you used:
 7464 strings out of 493089
 117840 string characters out of 6134842
 182727 words of memory out of 5000000
 9820 multiletter control sequences out of 15000+600000
 43878 words of font info for 52 fonts, out of 8000000 for 9000
 1141 hyphenation exceptions out of 8191
 38i,6n,34p,445b,644s stack positions out of 5000i,500n,10000p,200000b,80000s
{/usr/local/texlive/2015/texmf-dist/fonts/enc/dvips/base/8r.enc}{/usr/local/t
exlive/2015/texmf-dist/fonts/enc/dvips/inconsolata/i4-t1-0.enc}</usr/local/texl
ive/2015/texmf-dist/fonts/type1/public/inconsolata/Inconsolata-zi4r.pfb></usr/l
ocal/texlive/2015/texmf-dist/fonts/type1/public/amsfonts/cm/cmsy10.pfb></usr/lo
cal/texlive/2015/texmf-dist/fonts/type1/urw/helvetic/uhvr8a.pfb></usr/local/tex
live/2015/texmf-dist/fonts/type1/urw/times/utmb8a.pfb></usr/local/texlive/2015/
texmf-dist/fonts/type1/urw/times/utmr8a.pfb></usr/local/texlive/2015/texmf-dist
/fonts/type1/urw/times/utmr8a.pfb></usr/local/texlive/2015/texmf-dist/fonts/typ
e1/urw/times/utmri8a.pfb>
Output written on Rd2.pdf (99 pages, 302456 bytes).
PDF statistics:
 2524 PDF objects out of 2984 (max. 8388607)
 2392 compressed objects within 24 object streams
 817 named destinations out of 1000 (max. 500000)
 873 words of extra memory for PDF output out of 10000 (max. 10000000)

