* installing *source* package ‘textmineR’ ...
** package ‘textmineR’ successfully unpacked and MD5 sums checked
** libs
clang++ -std=gnu++11 -I"/Library/Frameworks/R.framework/Resources/include" -DNDEBUG  -I"/Users/juliasilge/Work/tidytext/tidytext/revdep/library.noindex/textmineR/Rcpp/include" -I"/Users/juliasilge/Work/tidytext/tidytext/revdep/library.noindex/textmineR/RcppArmadillo/include" -I"/Users/juliasilge/Work/tidytext/tidytext/revdep/library.noindex/textmineR/RcppProgress/include" -I/usr/local/include   -fPIC  -Wall -g -O2 -c CalcLikelihoodC.cpp -o CalcLikelihoodC.o
clang++ -std=gnu++11 -I"/Library/Frameworks/R.framework/Resources/include" -DNDEBUG  -I"/Users/juliasilge/Work/tidytext/tidytext/revdep/library.noindex/textmineR/Rcpp/include" -I"/Users/juliasilge/Work/tidytext/tidytext/revdep/library.noindex/textmineR/RcppArmadillo/include" -I"/Users/juliasilge/Work/tidytext/tidytext/revdep/library.noindex/textmineR/RcppProgress/include" -I/usr/local/include   -fPIC  -Wall -g -O2 -c CalcSumSquares.cpp -o CalcSumSquares.o
clang++ -std=gnu++11 -I"/Library/Frameworks/R.framework/Resources/include" -DNDEBUG  -I"/Users/juliasilge/Work/tidytext/tidytext/revdep/library.noindex/textmineR/Rcpp/include" -I"/Users/juliasilge/Work/tidytext/tidytext/revdep/library.noindex/textmineR/RcppArmadillo/include" -I"/Users/juliasilge/Work/tidytext/tidytext/revdep/library.noindex/textmineR/RcppProgress/include" -I/usr/local/include   -fPIC  -Wall -g -O2 -c Dtm2DocsC.cpp -o Dtm2DocsC.o
clang++ -std=gnu++11 -I"/Library/Frameworks/R.framework/Resources/include" -DNDEBUG  -I"/Users/juliasilge/Work/tidytext/tidytext/revdep/library.noindex/textmineR/Rcpp/include" -I"/Users/juliasilge/Work/tidytext/tidytext/revdep/library.noindex/textmineR/RcppArmadillo/include" -I"/Users/juliasilge/Work/tidytext/tidytext/revdep/library.noindex/textmineR/RcppProgress/include" -I/usr/local/include   -fPIC  -Wall -g -O2 -c HellingerMat.cpp -o HellingerMat.o
clang++ -std=gnu++11 -I"/Library/Frameworks/R.framework/Resources/include" -DNDEBUG  -I"/Users/juliasilge/Work/tidytext/tidytext/revdep/library.noindex/textmineR/Rcpp/include" -I"/Users/juliasilge/Work/tidytext/tidytext/revdep/library.noindex/textmineR/RcppArmadillo/include" -I"/Users/juliasilge/Work/tidytext/tidytext/revdep/library.noindex/textmineR/RcppProgress/include" -I/usr/local/include   -fPIC  -Wall -g -O2 -c Hellinger_cpp.cpp -o Hellinger_cpp.o
clang++ -std=gnu++11 -I"/Library/Frameworks/R.framework/Resources/include" -DNDEBUG  -I"/Users/juliasilge/Work/tidytext/tidytext/revdep/library.noindex/textmineR/Rcpp/include" -I"/Users/juliasilge/Work/tidytext/tidytext/revdep/library.noindex/textmineR/RcppArmadillo/include" -I"/Users/juliasilge/Work/tidytext/tidytext/revdep/library.noindex/textmineR/RcppProgress/include" -I/usr/local/include   -fPIC  -Wall -g -O2 -c JSD_cpp.cpp -o JSD_cpp.o
clang++ -std=gnu++11 -I"/Library/Frameworks/R.framework/Resources/include" -DNDEBUG  -I"/Users/juliasilge/Work/tidytext/tidytext/revdep/library.noindex/textmineR/Rcpp/include" -I"/Users/juliasilge/Work/tidytext/tidytext/revdep/library.noindex/textmineR/RcppArmadillo/include" -I"/Users/juliasilge/Work/tidytext/tidytext/revdep/library.noindex/textmineR/RcppProgress/include" -I/usr/local/include   -fPIC  -Wall -g -O2 -c JSDmat.cpp -o JSDmat.o
clang++ -std=gnu++11 -I"/Library/Frameworks/R.framework/Resources/include" -DNDEBUG  -I"/Users/juliasilge/Work/tidytext/tidytext/revdep/library.noindex/textmineR/Rcpp/include" -I"/Users/juliasilge/Work/tidytext/tidytext/revdep/library.noindex/textmineR/RcppArmadillo/include" -I"/Users/juliasilge/Work/tidytext/tidytext/revdep/library.noindex/textmineR/RcppProgress/include" -I/usr/local/include   -fPIC  -Wall -g -O2 -c RcppExports.cpp -o RcppExports.o
clang++ -std=gnu++11 -I"/Library/Frameworks/R.framework/Resources/include" -DNDEBUG  -I"/Users/juliasilge/Work/tidytext/tidytext/revdep/library.noindex/textmineR/Rcpp/include" -I"/Users/juliasilge/Work/tidytext/tidytext/revdep/library.noindex/textmineR/RcppArmadillo/include" -I"/Users/juliasilge/Work/tidytext/tidytext/revdep/library.noindex/textmineR/RcppProgress/include" -I/usr/local/include   -fPIC  -Wall -g -O2 -c lda_c_functions.cpp -o lda_c_functions.o
clang++ -std=gnu++11 -dynamiclib -Wl,-headerpad_max_install_names -undefined dynamic_lookup -single_module -multiply_defined suppress -L/Library/Frameworks/R.framework/Resources/lib -L/usr/local/lib -o textmineR.so CalcLikelihoodC.o CalcSumSquares.o Dtm2DocsC.o HellingerMat.o Hellinger_cpp.o JSD_cpp.o JSDmat.o RcppExports.o lda_c_functions.o -F/Library/Frameworks/R.framework/.. -framework R -Wl,-framework -Wl,CoreFoundation
installing to /Users/juliasilge/Work/tidytext/tidytext/revdep/checks.noindex/textmineR/old/textmineR.Rcheck/textmineR/libs
** R
** data
*** moving datasets to lazyload DB
** inst
** byte-compile and prepare package for lazy loading
** help
*** installing help indices
*** copying figures
** building package indices
** installing vignettes
** testing if installed package can be loaded
* DONE (textmineR)
