* using log directory ‘/Volumes/Data1TB/Google Drive/data_science/runconf16/tidytext/revdep/checks.noindex/fedregs/old/fedregs.Rcheck’
* using R version 3.5.1 (2018-07-02)
* using platform: x86_64-apple-darwin15.6.0 (64-bit)
* using session charset: UTF-8
* checking for file ‘fedregs/DESCRIPTION’ ... OK
* checking extension type ... Package
* this is package ‘fedregs’ version ‘0.1.0’
* package encoding: UTF-8
* checking package namespace information ... OK
* checking package dependencies ... OK
* checking if this is a source package ... OK
* checking if there is a namespace ... OK
* checking for executable files ... OK
* checking for hidden files and directories ... OK
* checking for portable file names ... OK
* checking for sufficient/correct file permissions ... OK
* checking whether package ‘fedregs’ can be installed ... OK
* checking installed package size ... OK
* checking package directory ... OK
* checking DESCRIPTION meta-information ... OK
* checking top-level files ... OK
* checking for left-over files ... OK
* checking index information ... OK
* checking package subdirectories ... OK
* checking R files for non-ASCII characters ... OK
* checking R files for syntax errors ... OK
* checking whether the package can be loaded ... OK
* checking whether the package can be loaded with stated dependencies ... OK
* checking whether the package can be unloaded cleanly ... OK
* checking whether the namespace can be loaded with stated dependencies ... OK
* checking whether the namespace can be unloaded cleanly ... OK
* checking loading without being on the library search path ... OK
* checking dependencies in R code ... OK
* checking S3 generic/method consistency ... OK
* checking replacement functions ... OK
* checking foreign function calls ... OK
* checking R code for possible problems ... OK
* checking Rd files ... OK
* checking Rd metadata ... OK
* checking Rd cross-references ... OK
* checking for missing documentation entries ... OK
* checking for code/documentation mismatches ... OK
* checking Rd \usage sections ... OK
* checking Rd contents ... OK
* checking for unstated dependencies in examples ... OK
* checking examples ... OK
* checking for unstated dependencies in ‘tests’ ... OK
* checking tests ... ERROR
  Running ‘testthat.R’
Running the tests in ‘tests/testthat.R’ failed.
Last 13 lines of output:
  8: function_list[[i]](value)
  9: tidyr::unnest(.)
  10: unnest.data.frame(.)
  11: abort(glue("Each column must either be a list of vectors or a list of ", "data frames [{probs}]"))
  
  ══ testthat results  ═══════════════════════════════════════════════════════════════════════════════════════════════════════════
  OK: 21 SKIPPED: 0 FAILED: 2
  1. Error: We can parse some parts. (@test-fedregs.R#66) 
  2. Error: We can go all the way (@test-fedregs.R#145) 
  
  Error: testthat unit tests failed
  In addition: Warning message:
  In if (!is.null(e <- table[[nm]])) { :
    closing unused connection 3 (https://www.gpo.gov/fdsys//bulkdata/CFR/1996/title-1)
  Execution halted
* checking PDF version of manual ... OK
* DONE
Status: 1 ERROR
