Hmm ... looks like a package

This is pdfTeX, Version 3.14159265-2.6-1.40.16 (TeX Live 2015) (preloaded format=pdflatex)
 restricted \write18 enabled.
entering extended mode
LaTeX2e <2015/01/01>
Babel <3.9l> and hyphenation patterns for 79 languages loaded.
(./Rd2.tex
(/usr/local/texlive/2015/texmf-dist/tex/latex/base/book.cls
Document Class: book 2014/09/29 v1.4h Standard LaTeX document class
(/usr/local/texlive/2015/texmf-dist/tex/latex/base/bk10.clo))
(/Library/Frameworks/R.framework/Resources/share/texmf/tex/latex/Rd.sty
(/usr/local/texlive/2015/texmf-dist/tex/latex/base/ifthen.sty)
(/usr/local/texlive/2015/texmf-dist/tex/latex/tools/longtable.sty)
(/usr/local/texlive/2015/texmf-dist/tex/latex/tools/bm.sty)
(/usr/local/texlive/2015/texmf-dist/tex/latex/base/alltt.sty)
(/usr/local/texlive/2015/texmf-dist/tex/latex/tools/verbatim.sty)
(/usr/local/texlive/2015/texmf-dist/tex/latex/url/url.sty)
(/usr/local/texlive/2015/texmf-dist/tex/latex/base/textcomp.sty
(/usr/local/texlive/2015/texmf-dist/tex/latex/base/ts1enc.def))
(/usr/local/texlive/2015/texmf-dist/tex/latex/base/fontenc.sty
(/usr/local/texlive/2015/texmf-dist/tex/latex/base/t1enc.def))
(/usr/local/texlive/2015/texmf-dist/tex/latex/psnfss/times.sty)
(/usr/local/texlive/2015/texmf-dist/tex/latex/inconsolata/zi4.sty
`inconsolata-zi4' v1.05, 2014/06/22 Text macros for Inconsolata (msharpe)
(/usr/local/texlive/2015/texmf-dist/tex/latex/graphics/keyval.sty))
(/usr/local/texlive/2015/texmf-dist/tex/latex/graphics/color.sty
(/usr/local/texlive/2015/texmf-dist/tex/latex/latexconfig/color.cfg)
(/usr/local/texlive/2015/texmf-dist/tex/latex/pdftex-def/pdftex.def
(/usr/local/texlive/2015/texmf-dist/tex/generic/oberdiek/infwarerr.sty)
(/usr/local/texlive/2015/texmf-dist/tex/generic/oberdiek/ltxcmds.sty)))
(/usr/local/texlive/2015/texmf-dist/tex/latex/hyperref/hyperref.sty
(/usr/local/texlive/2015/texmf-dist/tex/generic/oberdiek/hobsub-hyperref.sty
(/usr/local/texlive/2015/texmf-dist/tex/generic/oberdiek/hobsub-generic.sty))
(/usr/local/texlive/2015/texmf-dist/tex/generic/ifxetex/ifxetex.sty)
(/usr/local/texlive/2015/texmf-dist/tex/latex/oberdiek/auxhook.sty)
(/usr/local/texlive/2015/texmf-dist/tex/latex/oberdiek/kvoptions.sty)
(/usr/local/texlive/2015/texmf-dist/tex/latex/hyperref/pd1enc.def)
(/usr/local/texlive/2015/texmf-dist/tex/latex/latexconfig/hyperref.cfg))

Package hyperref Message: Driver (autodetected): hpdftex.

(/usr/local/texlive/2015/texmf-dist/tex/latex/hyperref/hpdftex.def
(/usr/local/texlive/2015/texmf-dist/tex/latex/oberdiek/rerunfilecheck.sty))

Package hyperref Warning: Option `hyperindex' has already been used,
(hyperref)                setting the option has no effect on input line 366.


Package hyperref Warning: Option `pagebackref' has already been used,
(hyperref)                setting the option has no effect on input line 366.

) (/usr/local/texlive/2015/texmf-dist/tex/latex/base/makeidx.sty)
(/usr/local/texlive/2015/texmf-dist/tex/latex/base/inputenc.sty
(/usr/local/texlive/2015/texmf-dist/tex/latex/base/utf8.def
(/usr/local/texlive/2015/texmf-dist/tex/latex/base/t1enc.dfu)
(/usr/local/texlive/2015/texmf-dist/tex/latex/base/ot1enc.dfu)
(/usr/local/texlive/2015/texmf-dist/tex/latex/base/omsenc.dfu)
(/usr/local/texlive/2015/texmf-dist/tex/latex/base/ts1enc.dfu))
(/usr/local/texlive/2015/texmf-dist/tex/latex/base/latin1.def))
Writing index file Rd2.idx
No file Rd2.aux.
(/usr/local/texlive/2015/texmf-dist/tex/latex/base/ts1cmr.fd)
(/usr/local/texlive/2015/texmf-dist/tex/latex/psnfss/t1ptm.fd)
(/usr/local/texlive/2015/texmf-dist/tex/context/base/supp-pdf.mkii
[Loading MPS to PDF converter (version 2006.09.02).]
) (/usr/local/texlive/2015/texmf-dist/tex/latex/hyperref/nameref.sty
(/usr/local/texlive/2015/texmf-dist/tex/generic/oberdiek/gettitlestring.sty))
(/usr/local/texlive/2015/texmf-dist/tex/latex/inconsolata/t1zi4.fd)
(/usr/local/texlive/2015/texmf-dist/tex/latex/psnfss/t1phv.fd)
(/usr/local/texlive/2015/texmf-dist/tex/latex/base/utf8.def) [1{/usr/local/texl
ive/2015/texmf-var/fonts/map/pdftex/updmap/pdftex.map}]
Overfull \hbox (40.76884pt too wide) in paragraph at lines 77--79
[]\T1/ptm/m/n/10 To find the date on which this meta-data was last up-dated, ru
n \T1/zi4/m/n/10 attr(gutenberg_authors, "date_updated")\T1/ptm/m/n/10 . 
(/usr/local/texlive/2015/texmf-dist/tex/latex/base/utf8.def) [2]
Overfull \hbox (31.57838pt too wide) in paragraph at lines 136--141
[]\T1/ptm/m/n/10 Note that if \T1/zi4/m/n/10 strip = TRUE\T1/ptm/m/n/10 , this 
tries to re-move the Guten-berg header and footer us-ing the [][]\T1/zi4/m/n/10
 gutenberg_strip[][][]
[3] (/usr/local/texlive/2015/texmf-dist/tex/latex/base/utf8.def)
Overfull \hbox (13.88991pt too wide) in paragraph at lines 187--191
\T1/zi4/m/n/10 / / www . gutenberg . org / robot / harvest ? filetypes[] = txt$
[][]\T1/ptm/m/n/10 . Also sets the global \T1/zi4/m/n/10 gutenberg_mirror
(/usr/local/texlive/2015/texmf-dist/tex/latex/base/utf8.def) [4]
Overfull \hbox (34.43866pt too wide) in paragraph at lines 240--244
\T1/ptm/m/n/10 record (as op-posed to, for ex-am-ple, au-dio-books). If not, ca
n-not be re-trieved with [][]\T1/zi4/m/n/10 gutenberg_download[][][] 

Overfull \hbox (45.76884pt too wide) in paragraph at lines 249--251
[]\T1/ptm/m/n/10 To find the date on which this meta-data was last up-dated, ru
n \T1/zi4/m/n/10 attr(gutenberg_metadata, "date_updated")\T1/ptm/m/n/10 . 
[5] (/usr/local/texlive/2015/texmf-dist/tex/latex/base/utf8.def)
(/usr/local/texlive/2015/texmf-dist/tex/latex/base/utf8.def) [6]
Overfull \hbox (4.25844pt too wide) in paragraph at lines 364--368
[]\T1/ptm/m/n/10 Find more in-for-ma-tion about Li-brary of Congress Cat-e-gori
es here: [][]$\T1/zi4/m/n/10 https : / / www . loc . gov / catdir /

Overfull \hbox (25.3591pt too wide) in paragraph at lines 364--368
\T1/zi4/m/n/10 cpso / lcco/$[][]\T1/ptm/m/n/10 , and about Li-brary of Congress
 Sub-ject Head-ings here: [][]$\T1/zi4/m/n/10 http : / / id . loc . gov / autho
rities /

Overfull \hbox (45.76884pt too wide) in paragraph at lines 369--371
[]\T1/ptm/m/n/10 To find the date on which this meta-data was last up-dated, ru
n \T1/zi4/m/n/10 attr(gutenberg_subjects, "date_updated")\T1/ptm/m/n/10 . 
(/usr/local/texlive/2015/texmf-dist/tex/latex/base/utf8.def) [7]
Overfull \hbox (16.53741pt too wide) in paragraph at lines 432--434
[]\T1/ptm/m/n/10 Additional fil-ters, given as ex-pres-sions us-ing the vari-ab
les in the [][]guten-berg_metadata[][][]

Overfull \hbox (22.99785pt too wide) in paragraph at lines 445--448
[]\T1/ptm/m/n/10 Whether to re-turn only one dis-tinct com-bi-na-tion of each t
i-tle and guten-berg_author_id.
(/usr/local/texlive/2015/texmf-dist/tex/latex/psnfss/ts1ptm.fd) [8]
(/usr/local/texlive/2015/texmf-dist/tex/latex/base/utf8.def)
No file Rd2.ind.
[9] (./Rd2.aux)

Package rerunfilecheck Warning: File `Rd2.out' has changed.
(rerunfilecheck)                Rerun to get outlines right
(rerunfilecheck)                or use package `bookmark'.

 )
(see the transcript file for additional information){/usr/local/texlive/2015/te
xmf-dist/fonts/enc/dvips/base/8r.enc}{/usr/local/texlive/2015/texmf-dist/fonts/
enc/dvips/inconsolata/i4-t1-0.enc}</usr/local/texlive/2015/texmf-dist/fonts/typ
e1/public/inconsolata/Inconsolata-zi4r.pfb></usr/local/texlive/2015/texmf-dist/
fonts/type1/urw/helvetic/uhvr8a.pfb></usr/local/texlive/2015/texmf-dist/fonts/t
ype1/urw/times/utmb8a.pfb></usr/local/texlive/2015/texmf-dist/fonts/type1/urw/t
imes/utmr8a.pfb></usr/local/texlive/2015/texmf-dist/fonts/type1/urw/times/utmr8
a.pfb></usr/local/texlive/2015/texmf-dist/fonts/type1/urw/times/utmri8a.pfb>
Output written on Rd2.pdf (9 pages, 87416 bytes).
Transcript written on Rd2.log.
This is makeindex, version 2.15 [TeX Live 2015] (kpathsea + Thai support).
Scanning input file Rd2.idx....done (30 entries accepted, 0 rejected).
Sorting entries....done (174 comparisons).
Generating output file Rd2.ind....done (32 lines written, 0 warnings).
Output written in Rd2.ind.
Transcript written in Rd2.ilg.
This is pdfTeX, Version 3.14159265-2.6-1.40.16 (TeX Live 2015) (preloaded format=pdflatex)
 restricted \write18 enabled.
entering extended mode
LaTeX2e <2015/01/01>
Babel <3.9l> and hyphenation patterns for 79 languages loaded.
(./Rd2.tex
(/usr/local/texlive/2015/texmf-dist/tex/latex/base/book.cls
Document Class: book 2014/09/29 v1.4h Standard LaTeX document class
(/usr/local/texlive/2015/texmf-dist/tex/latex/base/bk10.clo))
(/Library/Frameworks/R.framework/Resources/share/texmf/tex/latex/Rd.sty
(/usr/local/texlive/2015/texmf-dist/tex/latex/base/ifthen.sty)
(/usr/local/texlive/2015/texmf-dist/tex/latex/tools/longtable.sty)
(/usr/local/texlive/2015/texmf-dist/tex/latex/tools/bm.sty)
(/usr/local/texlive/2015/texmf-dist/tex/latex/base/alltt.sty)
(/usr/local/texlive/2015/texmf-dist/tex/latex/tools/verbatim.sty)
(/usr/local/texlive/2015/texmf-dist/tex/latex/url/url.sty)
(/usr/local/texlive/2015/texmf-dist/tex/latex/base/textcomp.sty
(/usr/local/texlive/2015/texmf-dist/tex/latex/base/ts1enc.def))
(/usr/local/texlive/2015/texmf-dist/tex/latex/base/fontenc.sty
(/usr/local/texlive/2015/texmf-dist/tex/latex/base/t1enc.def))
(/usr/local/texlive/2015/texmf-dist/tex/latex/psnfss/times.sty)
(/usr/local/texlive/2015/texmf-dist/tex/latex/inconsolata/zi4.sty
`inconsolata-zi4' v1.05, 2014/06/22 Text macros for Inconsolata (msharpe)
(/usr/local/texlive/2015/texmf-dist/tex/latex/graphics/keyval.sty))
(/usr/local/texlive/2015/texmf-dist/tex/latex/graphics/color.sty
(/usr/local/texlive/2015/texmf-dist/tex/latex/latexconfig/color.cfg)
(/usr/local/texlive/2015/texmf-dist/tex/latex/pdftex-def/pdftex.def
(/usr/local/texlive/2015/texmf-dist/tex/generic/oberdiek/infwarerr.sty)
(/usr/local/texlive/2015/texmf-dist/tex/generic/oberdiek/ltxcmds.sty)))
(/usr/local/texlive/2015/texmf-dist/tex/latex/hyperref/hyperref.sty
(/usr/local/texlive/2015/texmf-dist/tex/generic/oberdiek/hobsub-hyperref.sty
(/usr/local/texlive/2015/texmf-dist/tex/generic/oberdiek/hobsub-generic.sty))
(/usr/local/texlive/2015/texmf-dist/tex/generic/ifxetex/ifxetex.sty)
(/usr/local/texlive/2015/texmf-dist/tex/latex/oberdiek/auxhook.sty)
(/usr/local/texlive/2015/texmf-dist/tex/latex/oberdiek/kvoptions.sty)
(/usr/local/texlive/2015/texmf-dist/tex/latex/hyperref/pd1enc.def)
(/usr/local/texlive/2015/texmf-dist/tex/latex/latexconfig/hyperref.cfg))

Package hyperref Message: Driver (autodetected): hpdftex.

(/usr/local/texlive/2015/texmf-dist/tex/latex/hyperref/hpdftex.def
(/usr/local/texlive/2015/texmf-dist/tex/latex/oberdiek/rerunfilecheck.sty))

Package hyperref Warning: Option `hyperindex' has already been used,
(hyperref)                setting the option has no effect on input line 366.


Package hyperref Warning: Option `pagebackref' has already been used,
(hyperref)                setting the option has no effect on input line 366.

) (/usr/local/texlive/2015/texmf-dist/tex/latex/base/makeidx.sty)
(/usr/local/texlive/2015/texmf-dist/tex/latex/base/inputenc.sty
(/usr/local/texlive/2015/texmf-dist/tex/latex/base/utf8.def
(/usr/local/texlive/2015/texmf-dist/tex/latex/base/t1enc.dfu)
(/usr/local/texlive/2015/texmf-dist/tex/latex/base/ot1enc.dfu)
(/usr/local/texlive/2015/texmf-dist/tex/latex/base/omsenc.dfu)
(/usr/local/texlive/2015/texmf-dist/tex/latex/base/ts1enc.dfu))
(/usr/local/texlive/2015/texmf-dist/tex/latex/base/latin1.def))
Writing index file Rd2.idx
(./Rd2.aux) (/usr/local/texlive/2015/texmf-dist/tex/latex/base/ts1cmr.fd)
(/usr/local/texlive/2015/texmf-dist/tex/latex/psnfss/t1ptm.fd)
(/usr/local/texlive/2015/texmf-dist/tex/context/base/supp-pdf.mkii
[Loading MPS to PDF converter (version 2006.09.02).]
) (/usr/local/texlive/2015/texmf-dist/tex/latex/hyperref/nameref.sty
(/usr/local/texlive/2015/texmf-dist/tex/generic/oberdiek/gettitlestring.sty))
(./Rd2.out) (./Rd2.out)
(/usr/local/texlive/2015/texmf-dist/tex/latex/inconsolata/t1zi4.fd)
(/usr/local/texlive/2015/texmf-dist/tex/latex/psnfss/t1phv.fd) (./Rd2.toc)
(/usr/local/texlive/2015/texmf-dist/tex/latex/base/utf8.def) [1{/usr/local/texl
ive/2015/texmf-var/fonts/map/pdftex/updmap/pdftex.map}]
Overfull \hbox (40.76884pt too wide) in paragraph at lines 77--79
[]\T1/ptm/m/n/10 To find the date on which this meta-data was last up-dated, ru
n \T1/zi4/m/n/10 attr(gutenberg_authors, "date_updated")\T1/ptm/m/n/10 . 
(/usr/local/texlive/2015/texmf-dist/tex/latex/base/utf8.def) [2]
Overfull \hbox (31.57838pt too wide) in paragraph at lines 136--141
[]\T1/ptm/m/n/10 Note that if \T1/zi4/m/n/10 strip = TRUE\T1/ptm/m/n/10 , this 
tries to re-move the Guten-berg header and footer us-ing the [][]\T1/zi4/m/n/10
 gutenberg_strip[][][]
[3] (/usr/local/texlive/2015/texmf-dist/tex/latex/base/utf8.def)
Overfull \hbox (13.88991pt too wide) in paragraph at lines 187--191
\T1/zi4/m/n/10 / / www . gutenberg . org / robot / harvest ? filetypes[] = txt$
[][]\T1/ptm/m/n/10 . Also sets the global \T1/zi4/m/n/10 gutenberg_mirror
(/usr/local/texlive/2015/texmf-dist/tex/latex/base/utf8.def) [4]
Overfull \hbox (34.43866pt too wide) in paragraph at lines 240--244
\T1/ptm/m/n/10 record (as op-posed to, for ex-am-ple, au-dio-books). If not, ca
n-not be re-trieved with [][]\T1/zi4/m/n/10 gutenberg_download[][][] 

Overfull \hbox (45.76884pt too wide) in paragraph at lines 249--251
[]\T1/ptm/m/n/10 To find the date on which this meta-data was last up-dated, ru
n \T1/zi4/m/n/10 attr(gutenberg_metadata, "date_updated")\T1/ptm/m/n/10 . 
[5] (/usr/local/texlive/2015/texmf-dist/tex/latex/base/utf8.def)
(/usr/local/texlive/2015/texmf-dist/tex/latex/base/utf8.def) [6]
Overfull \hbox (4.25844pt too wide) in paragraph at lines 364--368
[]\T1/ptm/m/n/10 Find more in-for-ma-tion about Li-brary of Congress Cat-e-gori
es here: [][]$\T1/zi4/m/n/10 https : / / www . loc . gov / catdir /

Overfull \hbox (25.3591pt too wide) in paragraph at lines 364--368
\T1/zi4/m/n/10 cpso / lcco/$[][]\T1/ptm/m/n/10 , and about Li-brary of Congress
 Sub-ject Head-ings here: [][]$\T1/zi4/m/n/10 http : / / id . loc . gov / autho
rities /

Overfull \hbox (45.76884pt too wide) in paragraph at lines 369--371
[]\T1/ptm/m/n/10 To find the date on which this meta-data was last up-dated, ru
n \T1/zi4/m/n/10 attr(gutenberg_subjects, "date_updated")\T1/ptm/m/n/10 . 
(/usr/local/texlive/2015/texmf-dist/tex/latex/base/utf8.def) [7]
Overfull \hbox (16.53741pt too wide) in paragraph at lines 432--434
[]\T1/ptm/m/n/10 Additional fil-ters, given as ex-pres-sions us-ing the vari-ab
les in the [][]guten-berg_metadata[][][]

Overfull \hbox (22.99785pt too wide) in paragraph at lines 445--448
[]\T1/ptm/m/n/10 Whether to re-turn only one dis-tinct com-bi-na-tion of each t
i-tle and guten-berg_author_id.
(/usr/local/texlive/2015/texmf-dist/tex/latex/psnfss/ts1ptm.fd) [8]
(/usr/local/texlive/2015/texmf-dist/tex/latex/base/utf8.def) (./Rd2.ind
[9] [10]) (./Rd2.aux)

Package rerunfilecheck Warning: File `Rd2.out' has changed.
(rerunfilecheck)                Rerun to get outlines right
(rerunfilecheck)                or use package `bookmark'.

 )
(see the transcript file for additional information){/usr/local/texlive/2015/te
xmf-dist/fonts/enc/dvips/base/8r.enc}{/usr/local/texlive/2015/texmf-dist/fonts/
enc/dvips/inconsolata/i4-t1-0.enc}</usr/local/texlive/2015/texmf-dist/fonts/typ
e1/public/inconsolata/Inconsolata-zi4r.pfb></usr/local/texlive/2015/texmf-dist/
fonts/type1/public/amsfonts/cm/cmsy10.pfb></usr/local/texlive/2015/texmf-dist/f
onts/type1/urw/helvetic/uhvr8a.pfb></usr/local/texlive/2015/texmf-dist/fonts/ty
pe1/urw/times/utmb8a.pfb></usr/local/texlive/2015/texmf-dist/fonts/type1/urw/ti
mes/utmr8a.pfb></usr/local/texlive/2015/texmf-dist/fonts/type1/urw/times/utmr8a
.pfb></usr/local/texlive/2015/texmf-dist/fonts/type1/urw/times/utmri8a.pfb>
Output written on Rd2.pdf (10 pages, 98058 bytes).
Transcript written on Rd2.log.
This is makeindex, version 2.15 [TeX Live 2015] (kpathsea + Thai support).
Scanning input file Rd2.idx....done (30 entries accepted, 0 rejected).
Sorting entries....done (174 comparisons).
Generating output file Rd2.ind....done (32 lines written, 0 warnings).
Output written in Rd2.ind.
Transcript written in Rd2.ilg.
This is pdfTeX, Version 3.14159265-2.6-1.40.16 (TeX Live 2015) (preloaded format=pdflatex)
 restricted \write18 enabled.
entering extended mode
LaTeX2e <2015/01/01>
Babel <3.9l> and hyphenation patterns for 79 languages loaded.
(./Rd2.tex
(/usr/local/texlive/2015/texmf-dist/tex/latex/base/book.cls
Document Class: book 2014/09/29 v1.4h Standard LaTeX document class
(/usr/local/texlive/2015/texmf-dist/tex/latex/base/bk10.clo))
(/Library/Frameworks/R.framework/Resources/share/texmf/tex/latex/Rd.sty
(/usr/local/texlive/2015/texmf-dist/tex/latex/base/ifthen.sty)
(/usr/local/texlive/2015/texmf-dist/tex/latex/tools/longtable.sty)
(/usr/local/texlive/2015/texmf-dist/tex/latex/tools/bm.sty)
(/usr/local/texlive/2015/texmf-dist/tex/latex/base/alltt.sty)
(/usr/local/texlive/2015/texmf-dist/tex/latex/tools/verbatim.sty)
(/usr/local/texlive/2015/texmf-dist/tex/latex/url/url.sty)
(/usr/local/texlive/2015/texmf-dist/tex/latex/base/textcomp.sty
(/usr/local/texlive/2015/texmf-dist/tex/latex/base/ts1enc.def))
(/usr/local/texlive/2015/texmf-dist/tex/latex/base/fontenc.sty
(/usr/local/texlive/2015/texmf-dist/tex/latex/base/t1enc.def))
(/usr/local/texlive/2015/texmf-dist/tex/latex/psnfss/times.sty)
(/usr/local/texlive/2015/texmf-dist/tex/latex/inconsolata/zi4.sty
`inconsolata-zi4' v1.05, 2014/06/22 Text macros for Inconsolata (msharpe)
(/usr/local/texlive/2015/texmf-dist/tex/latex/graphics/keyval.sty))
(/usr/local/texlive/2015/texmf-dist/tex/latex/graphics/color.sty
(/usr/local/texlive/2015/texmf-dist/tex/latex/latexconfig/color.cfg)
(/usr/local/texlive/2015/texmf-dist/tex/latex/pdftex-def/pdftex.def
(/usr/local/texlive/2015/texmf-dist/tex/generic/oberdiek/infwarerr.sty)
(/usr/local/texlive/2015/texmf-dist/tex/generic/oberdiek/ltxcmds.sty)))
(/usr/local/texlive/2015/texmf-dist/tex/latex/hyperref/hyperref.sty
(/usr/local/texlive/2015/texmf-dist/tex/generic/oberdiek/hobsub-hyperref.sty
(/usr/local/texlive/2015/texmf-dist/tex/generic/oberdiek/hobsub-generic.sty))
(/usr/local/texlive/2015/texmf-dist/tex/generic/ifxetex/ifxetex.sty)
(/usr/local/texlive/2015/texmf-dist/tex/latex/oberdiek/auxhook.sty)
(/usr/local/texlive/2015/texmf-dist/tex/latex/oberdiek/kvoptions.sty)
(/usr/local/texlive/2015/texmf-dist/tex/latex/hyperref/pd1enc.def)
(/usr/local/texlive/2015/texmf-dist/tex/latex/latexconfig/hyperref.cfg))

Package hyperref Message: Driver (autodetected): hpdftex.

(/usr/local/texlive/2015/texmf-dist/tex/latex/hyperref/hpdftex.def
(/usr/local/texlive/2015/texmf-dist/tex/latex/oberdiek/rerunfilecheck.sty))

Package hyperref Warning: Option `hyperindex' has already been used,
(hyperref)                setting the option has no effect on input line 366.


Package hyperref Warning: Option `pagebackref' has already been used,
(hyperref)                setting the option has no effect on input line 366.

) (/usr/local/texlive/2015/texmf-dist/tex/latex/base/makeidx.sty)
(/usr/local/texlive/2015/texmf-dist/tex/latex/base/inputenc.sty
(/usr/local/texlive/2015/texmf-dist/tex/latex/base/utf8.def
(/usr/local/texlive/2015/texmf-dist/tex/latex/base/t1enc.dfu)
(/usr/local/texlive/2015/texmf-dist/tex/latex/base/ot1enc.dfu)
(/usr/local/texlive/2015/texmf-dist/tex/latex/base/omsenc.dfu)
(/usr/local/texlive/2015/texmf-dist/tex/latex/base/ts1enc.dfu))
(/usr/local/texlive/2015/texmf-dist/tex/latex/base/latin1.def))
Writing index file Rd2.idx
(./Rd2.aux) (/usr/local/texlive/2015/texmf-dist/tex/latex/base/ts1cmr.fd)
(/usr/local/texlive/2015/texmf-dist/tex/latex/psnfss/t1ptm.fd)
(/usr/local/texlive/2015/texmf-dist/tex/context/base/supp-pdf.mkii
[Loading MPS to PDF converter (version 2006.09.02).]
) (/usr/local/texlive/2015/texmf-dist/tex/latex/hyperref/nameref.sty
(/usr/local/texlive/2015/texmf-dist/tex/generic/oberdiek/gettitlestring.sty))
(./Rd2.out) (./Rd2.out)
(/usr/local/texlive/2015/texmf-dist/tex/latex/inconsolata/t1zi4.fd)
(/usr/local/texlive/2015/texmf-dist/tex/latex/psnfss/t1phv.fd) (./Rd2.toc)
(/usr/local/texlive/2015/texmf-dist/tex/latex/base/utf8.def) [1{/usr/local/texl
ive/2015/texmf-var/fonts/map/pdftex/updmap/pdftex.map}]
Overfull \hbox (40.76884pt too wide) in paragraph at lines 77--79
[]\T1/ptm/m/n/10 To find the date on which this meta-data was last up-dated, ru
n \T1/zi4/m/n/10 attr(gutenberg_authors, "date_updated")\T1/ptm/m/n/10 . 
(/usr/local/texlive/2015/texmf-dist/tex/latex/base/utf8.def) [2]
Overfull \hbox (31.57838pt too wide) in paragraph at lines 136--141
[]\T1/ptm/m/n/10 Note that if \T1/zi4/m/n/10 strip = TRUE\T1/ptm/m/n/10 , this 
tries to re-move the Guten-berg header and footer us-ing the [][]\T1/zi4/m/n/10
 gutenberg_strip[][][]
[3] (/usr/local/texlive/2015/texmf-dist/tex/latex/base/utf8.def)
Overfull \hbox (13.88991pt too wide) in paragraph at lines 187--191
\T1/zi4/m/n/10 / / www . gutenberg . org / robot / harvest ? filetypes[] = txt$
[][]\T1/ptm/m/n/10 . Also sets the global \T1/zi4/m/n/10 gutenberg_mirror
(/usr/local/texlive/2015/texmf-dist/tex/latex/base/utf8.def) [4]
Overfull \hbox (34.43866pt too wide) in paragraph at lines 240--244
\T1/ptm/m/n/10 record (as op-posed to, for ex-am-ple, au-dio-books). If not, ca
n-not be re-trieved with [][]\T1/zi4/m/n/10 gutenberg_download[][][] 

Overfull \hbox (45.76884pt too wide) in paragraph at lines 249--251
[]\T1/ptm/m/n/10 To find the date on which this meta-data was last up-dated, ru
n \T1/zi4/m/n/10 attr(gutenberg_metadata, "date_updated")\T1/ptm/m/n/10 . 
[5] (/usr/local/texlive/2015/texmf-dist/tex/latex/base/utf8.def)
(/usr/local/texlive/2015/texmf-dist/tex/latex/base/utf8.def) [6]
Overfull \hbox (4.25844pt too wide) in paragraph at lines 364--368
[]\T1/ptm/m/n/10 Find more in-for-ma-tion about Li-brary of Congress Cat-e-gori
es here: [][]$\T1/zi4/m/n/10 https : / / www . loc . gov / catdir /

Overfull \hbox (25.3591pt too wide) in paragraph at lines 364--368
\T1/zi4/m/n/10 cpso / lcco/$[][]\T1/ptm/m/n/10 , and about Li-brary of Congress
 Sub-ject Head-ings here: [][]$\T1/zi4/m/n/10 http : / / id . loc . gov / autho
rities /

Overfull \hbox (45.76884pt too wide) in paragraph at lines 369--371
[]\T1/ptm/m/n/10 To find the date on which this meta-data was last up-dated, ru
n \T1/zi4/m/n/10 attr(gutenberg_subjects, "date_updated")\T1/ptm/m/n/10 . 
(/usr/local/texlive/2015/texmf-dist/tex/latex/base/utf8.def) [7]
Overfull \hbox (16.53741pt too wide) in paragraph at lines 432--434
[]\T1/ptm/m/n/10 Additional fil-ters, given as ex-pres-sions us-ing the vari-ab
les in the [][]guten-berg_metadata[][][]

Overfull \hbox (22.99785pt too wide) in paragraph at lines 445--448
[]\T1/ptm/m/n/10 Whether to re-turn only one dis-tinct com-bi-na-tion of each t
i-tle and guten-berg_author_id.
(/usr/local/texlive/2015/texmf-dist/tex/latex/psnfss/ts1ptm.fd) [8]
(/usr/local/texlive/2015/texmf-dist/tex/latex/base/utf8.def) (./Rd2.ind
[9] [10]) (./Rd2.aux) )
(see the transcript file for additional information){/usr/local/texlive/2015/te
xmf-dist/fonts/enc/dvips/base/8r.enc}{/usr/local/texlive/2015/texmf-dist/fonts/
enc/dvips/inconsolata/i4-t1-0.enc}</usr/local/texlive/2015/texmf-dist/fonts/typ
e1/public/inconsolata/Inconsolata-zi4r.pfb></usr/local/texlive/2015/texmf-dist/
fonts/type1/public/amsfonts/cm/cmsy10.pfb></usr/local/texlive/2015/texmf-dist/f
onts/type1/urw/helvetic/uhvr8a.pfb></usr/local/texlive/2015/texmf-dist/fonts/ty
pe1/urw/times/utmb8a.pfb></usr/local/texlive/2015/texmf-dist/fonts/type1/urw/ti
mes/utmr8a.pfb></usr/local/texlive/2015/texmf-dist/fonts/type1/urw/times/utmr8a
.pfb></usr/local/texlive/2015/texmf-dist/fonts/type1/urw/times/utmri8a.pfb>
Output written on Rd2.pdf (10 pages, 98356 bytes).
Transcript written on Rd2.log.
Saving output to ‘gutenbergr-manual.pdf’ ...
Done
You may want to clean up by 'rm -Rf /var/folders/0w/prb4hnss2gn1p7y34qb2stw00000gp/T//RtmpxmiUjx/Rd2pdf32b1551cdef2'
